[25-Oct-2013 00:10:12 UTC] PHP Fatal error:  Class 'DIR_CONFIG' not found in Z:\Desenvolvimento\web\Underline\lib\Global.class.php on line 110
[25-Oct-2013 00:10:52 UTC] PHP Fatal error:  Class 'DIR_CONFIG' not found in Z:\Desenvolvimento\web\Underline\lib\Global.class.php on line 110
[25-Oct-2013 00:10:53 UTC] PHP Fatal error:  Class 'DIR_CONFIG' not found in Z:\Desenvolvimento\web\Underline\lib\Global.class.php on line 110
[25-Oct-2013 00:10:54 UTC] PHP Fatal error:  Class 'DIR_CONFIG' not found in Z:\Desenvolvimento\web\Underline\lib\Global.class.php on line 110
[25-Oct-2013 00:10:55 UTC] PHP Fatal error:  Class 'DIR_CONFIG' not found in Z:\Desenvolvimento\web\Underline\lib\Global.class.php on line 110
[25-Oct-2013 00:10:57 UTC] PHP Fatal error:  Class 'DIR_CONFIG' not found in Z:\Desenvolvimento\web\Underline\lib\Global.class.php on line 110
[25-Oct-2013 00:10:58 UTC] PHP Fatal error:  Class 'DIR_CONFIG' not found in Z:\Desenvolvimento\web\Underline\lib\Global.class.php on line 110
[25-Oct-2013 00:10:59 UTC] PHP Fatal error:  Class 'DIR_CONFIG' not found in Z:\Desenvolvimento\web\Underline\lib\Global.class.php on line 110
[25-Oct-2013 00:10:59 UTC] PHP Fatal error:  Class 'DIR_CONFIG' not found in Z:\Desenvolvimento\web\Underline\lib\Global.class.php on line 110
[25-Oct-2013 00:11:00 UTC] PHP Fatal error:  Class 'DIR_CONFIG' not found in Z:\Desenvolvimento\web\Underline\lib\Global.class.php on line 110
[25-Oct-2013 00:11:00 UTC] PHP Fatal error:  Class 'DIR_CONFIG' not found in Z:\Desenvolvimento\web\Underline\lib\Global.class.php on line 110
[25-Oct-2013 00:11:11 UTC] PHP Fatal error:  Class 'DIR_CONFIG' not found in Z:\Desenvolvimento\web\Underline\lib\Global.class.php on line 110
[25-Oct-2013 00:11:11 UTC] PHP Fatal error:  Class 'DIR_CONFIG' not found in Z:\Desenvolvimento\web\Underline\lib\Global.class.php on line 110
[25-Oct-2013 00:11:12 UTC] PHP Fatal error:  Class 'DIR_CONFIG' not found in Z:\Desenvolvimento\web\Underline\lib\Global.class.php on line 110
[25-Oct-2013 00:11:12 UTC] PHP Fatal error:  Class 'DIR_CONFIG' not found in Z:\Desenvolvimento\web\Underline\lib\Global.class.php on line 110
[25-Oct-2013 00:11:12 UTC] PHP Fatal error:  Class 'DIR_CONFIG' not found in Z:\Desenvolvimento\web\Underline\lib\Global.class.php on line 110
[25-Oct-2013 00:11:12 UTC] PHP Fatal error:  Class 'DIR_CONFIG' not found in Z:\Desenvolvimento\web\Underline\lib\Global.class.php on line 110
[25-Oct-2013 00:11:12 UTC] PHP Fatal error:  Class 'DIR_CONFIG' not found in Z:\Desenvolvimento\web\Underline\lib\Global.class.php on line 110
[25-Oct-2013 00:11:26 UTC] PHP Warning:  include_once(Z:\Desenvolvimento\web\Underline\config\setGlbvars.php) [<a href='function.include-once'>function.include-once</a>]: failed to open stream: No such file or directory in Z:\Desenvolvimento\web\Underline\lib\Global.class.php on line 109
[25-Oct-2013 00:11:26 UTC] PHP Warning:  include_once() [<a href='function.include'>function.include</a>]: Failed opening 'config/setGlbVars.php' for inclusion (include_path='.;C:\php\pear') in Z:\Desenvolvimento\web\Underline\lib\Global.class.php on line 109
[25-Oct-2013 00:11:26 UTC] PHP Fatal error:  Class 'DIR_CONFIG' not found in Z:\Desenvolvimento\web\Underline\lib\Global.class.php on line 110
[25-Oct-2013 00:11:48 UTC] PHP Fatal error:  Class 'DIR_CONFIG' not found in Z:\Desenvolvimento\web\Underline\lib\Global.class.php on line 110
[25-Oct-2013 00:16:23 UTC] PHP Warning:  include_once(Z:\Desenvolvimento\web\midiacoletiva2/lib/_autoLoadClass.php) [<a href='function.include-once'>function.include-once</a>]: failed to open stream: No such file or directory in Z:\Desenvolvimento\web\Underline\lib\Global.class.php on line 115
[25-Oct-2013 00:16:23 UTC] PHP Warning:  include_once() [<a href='function.include'>function.include</a>]: Failed opening 'Z:\Desenvolvimento\web\midiacoletiva2/lib/_autoLoadClass.php' for inclusion (include_path='.;C:\php\pear') in Z:\Desenvolvimento\web\Underline\lib\Global.class.php on line 115
[25-Oct-2013 00:16:23 UTC] PHP Warning:  include_once(Z:\Desenvolvimento\web\midiacoletiva2/lib/html/simple_html_dom.php) [<a href='function.include-once'>function.include-once</a>]: failed to open stream: No such file or directory in Z:\Desenvolvimento\web\Underline\lib\Global.class.php on line 117
[25-Oct-2013 00:16:23 UTC] PHP Warning:  include_once() [<a href='function.include'>function.include</a>]: Failed opening 'Z:\Desenvolvimento\web\midiacoletiva2/lib/html/simple_html_dom.php' for inclusion (include_path='.;C:\php\pear') in Z:\Desenvolvimento\web\Underline\lib\Global.class.php on line 117
[25-Oct-2013 00:16:23 UTC] PHP Fatal error:  Class 'Elemento' not found in Z:\Desenvolvimento\web\Underline\index.php on line 11
[25-Oct-2013 00:16:59 UTC] PHP Warning:  include_once(Z:\Desenvolvimento\web\midiacoletiva2/lib/_autoLoadClass.php) [<a href='function.include-once'>function.include-once</a>]: failed to open stream: No such file or directory in Z:\Desenvolvimento\web\Underline\lib\Global.class.php on line 115
[25-Oct-2013 00:16:59 UTC] PHP Warning:  include_once() [<a href='function.include'>function.include</a>]: Failed opening 'Z:\Desenvolvimento\web\midiacoletiva2/lib/_autoLoadClass.php' for inclusion (include_path='.;C:\php\pear') in Z:\Desenvolvimento\web\Underline\lib\Global.class.php on line 115
[25-Oct-2013 00:16:59 UTC] PHP Warning:  include_once(Z:\Desenvolvimento\web\midiacoletiva2/lib/html/simple_html_dom.php) [<a href='function.include-once'>function.include-once</a>]: failed to open stream: No such file or directory in Z:\Desenvolvimento\web\Underline\lib\Global.class.php on line 117
[25-Oct-2013 00:16:59 UTC] PHP Warning:  include_once() [<a href='function.include'>function.include</a>]: Failed opening 'Z:\Desenvolvimento\web\midiacoletiva2/lib/html/simple_html_dom.php' for inclusion (include_path='.;C:\php\pear') in Z:\Desenvolvimento\web\Underline\lib\Global.class.php on line 117
[25-Oct-2013 00:16:59 UTC] PHP Fatal error:  Class 'Elemento' not found in Z:\Desenvolvimento\web\Underline\index.php on line 11
[25-Oct-2013 00:16:59 UTC] PHP Warning:  include_once(Z:\Desenvolvimento\web\midiacoletiva2/lib/_autoLoadClass.php) [<a href='function.include-once'>function.include-once</a>]: failed to open stream: No such file or directory in Z:\Desenvolvimento\web\Underline\lib\Global.class.php on line 115
[25-Oct-2013 00:16:59 UTC] PHP Warning:  include_once() [<a href='function.include'>function.include</a>]: Failed opening 'Z:\Desenvolvimento\web\midiacoletiva2/lib/_autoLoadClass.php' for inclusion (include_path='.;C:\php\pear') in Z:\Desenvolvimento\web\Underline\lib\Global.class.php on line 115
[25-Oct-2013 00:16:59 UTC] PHP Warning:  include_once(Z:\Desenvolvimento\web\midiacoletiva2/lib/html/simple_html_dom.php) [<a href='function.include-once'>function.include-once</a>]: failed to open stream: No such file or directory in Z:\Desenvolvimento\web\Underline\lib\Global.class.php on line 117
[25-Oct-2013 00:16:59 UTC] PHP Warning:  include_once() [<a href='function.include'>function.include</a>]: Failed opening 'Z:\Desenvolvimento\web\midiacoletiva2/lib/html/simple_html_dom.php' for inclusion (include_path='.;C:\php\pear') in Z:\Desenvolvimento\web\Underline\lib\Global.class.php on line 117
[25-Oct-2013 00:16:59 UTC] PHP Fatal error:  Class 'Elemento' not found in Z:\Desenvolvimento\web\Underline\index.php on line 11
[25-Oct-2013 00:17:00 UTC] PHP Warning:  include_once(Z:\Desenvolvimento\web\midiacoletiva2/lib/_autoLoadClass.php) [<a href='function.include-once'>function.include-once</a>]: failed to open stream: No such file or directory in Z:\Desenvolvimento\web\Underline\lib\Global.class.php on line 115
[25-Oct-2013 00:17:00 UTC] PHP Warning:  include_once() [<a href='function.include'>function.include</a>]: Failed opening 'Z:\Desenvolvimento\web\midiacoletiva2/lib/_autoLoadClass.php' for inclusion (include_path='.;C:\php\pear') in Z:\Desenvolvimento\web\Underline\lib\Global.class.php on line 115
[25-Oct-2013 00:17:00 UTC] PHP Warning:  include_once(Z:\Desenvolvimento\web\midiacoletiva2/lib/html/simple_html_dom.php) [<a href='function.include-once'>function.include-once</a>]: failed to open stream: No such file or directory in Z:\Desenvolvimento\web\Underline\lib\Global.class.php on line 117
[25-Oct-2013 00:17:00 UTC] PHP Warning:  include_once() [<a href='function.include'>function.include</a>]: Failed opening 'Z:\Desenvolvimento\web\midiacoletiva2/lib/html/simple_html_dom.php' for inclusion (include_path='.;C:\php\pear') in Z:\Desenvolvimento\web\Underline\lib\Global.class.php on line 117
[25-Oct-2013 00:17:00 UTC] PHP Fatal error:  Class 'Elemento' not found in Z:\Desenvolvimento\web\Underline\index.php on line 11
[25-Oct-2013 00:17:02 UTC] PHP Warning:  include_once(Z:\Desenvolvimento\web\midiacoletiva2/lib/_autoLoadClass.php) [<a href='function.include-once'>function.include-once</a>]: failed to open stream: No such file or directory in Z:\Desenvolvimento\web\Underline\lib\Global.class.php on line 115
[25-Oct-2013 00:17:02 UTC] PHP Warning:  include_once() [<a href='function.include'>function.include</a>]: Failed opening 'Z:\Desenvolvimento\web\midiacoletiva2/lib/_autoLoadClass.php' for inclusion (include_path='.;C:\php\pear') in Z:\Desenvolvimento\web\Underline\lib\Global.class.php on line 115
[25-Oct-2013 00:17:02 UTC] PHP Warning:  include_once(Z:\Desenvolvimento\web\midiacoletiva2/lib/html/simple_html_dom.php) [<a href='function.include-once'>function.include-once</a>]: failed to open stream: No such file or directory in Z:\Desenvolvimento\web\Underline\lib\Global.class.php on line 117
[25-Oct-2013 00:17:02 UTC] PHP Warning:  include_once() [<a href='function.include'>function.include</a>]: Failed opening 'Z:\Desenvolvimento\web\midiacoletiva2/lib/html/simple_html_dom.php' for inclusion (include_path='.;C:\php\pear') in Z:\Desenvolvimento\web\Underline\lib\Global.class.php on line 117
[25-Oct-2013 00:17:02 UTC] PHP Fatal error:  Class 'Elemento' not found in Z:\Desenvolvimento\web\Underline\index.php on line 11
[25-Oct-2013 00:17:03 UTC] PHP Warning:  include_once(Z:\Desenvolvimento\web\midiacoletiva2/lib/_autoLoadClass.php) [<a href='function.include-once'>function.include-once</a>]: failed to open stream: No such file or directory in Z:\Desenvolvimento\web\Underline\lib\Global.class.php on line 115
[25-Oct-2013 00:17:03 UTC] PHP Warning:  include_once() [<a href='function.include'>function.include</a>]: Failed opening 'Z:\Desenvolvimento\web\midiacoletiva2/lib/_autoLoadClass.php' for inclusion (include_path='.;C:\php\pear') in Z:\Desenvolvimento\web\Underline\lib\Global.class.php on line 115
[25-Oct-2013 00:17:03 UTC] PHP Warning:  include_once(Z:\Desenvolvimento\web\midiacoletiva2/lib/html/simple_html_dom.php) [<a href='function.include-once'>function.include-once</a>]: failed to open stream: No such file or directory in Z:\Desenvolvimento\web\Underline\lib\Global.class.php on line 117
[25-Oct-2013 00:17:03 UTC] PHP Warning:  include_once() [<a href='function.include'>function.include</a>]: Failed opening 'Z:\Desenvolvimento\web\midiacoletiva2/lib/html/simple_html_dom.php' for inclusion (include_path='.;C:\php\pear') in Z:\Desenvolvimento\web\Underline\lib\Global.class.php on line 117
[25-Oct-2013 00:17:03 UTC] PHP Fatal error:  Class 'Elemento' not found in Z:\Desenvolvimento\web\Underline\index.php on line 11
[25-Oct-2013 00:17:39 UTC] PHP Warning:  include_once(Z:\Desenvolvimento\web\midiacoletiva2/lib/_autoLoadClass.php) [<a href='function.include-once'>function.include-once</a>]: failed to open stream: No such file or directory in Z:\Desenvolvimento\web\Underline\lib\Global.class.php on line 115
[25-Oct-2013 00:17:39 UTC] PHP Warning:  include_once() [<a href='function.include'>function.include</a>]: Failed opening 'Z:\Desenvolvimento\web\midiacoletiva2/lib/_autoLoadClass.php' for inclusion (include_path='.;C:\php\pear') in Z:\Desenvolvimento\web\Underline\lib\Global.class.php on line 115
[25-Oct-2013 00:17:39 UTC] PHP Warning:  include_once(Z:\Desenvolvimento\web\midiacoletiva2/lib/html/simple_html_dom.php) [<a href='function.include-once'>function.include-once</a>]: failed to open stream: No such file or directory in Z:\Desenvolvimento\web\Underline\lib\Global.class.php on line 117
[25-Oct-2013 00:17:39 UTC] PHP Warning:  include_once() [<a href='function.include'>function.include</a>]: Failed opening 'Z:\Desenvolvimento\web\midiacoletiva2/lib/html/simple_html_dom.php' for inclusion (include_path='.;C:\php\pear') in Z:\Desenvolvimento\web\Underline\lib\Global.class.php on line 117
[25-Oct-2013 00:17:39 UTC] PHP Fatal error:  Class 'Elemento' not found in Z:\Desenvolvimento\web\Underline\index.php on line 11
[25-Oct-2013 00:17:40 UTC] PHP Warning:  include_once(Z:\Desenvolvimento\web\midiacoletiva2/lib/_autoLoadClass.php) [<a href='function.include-once'>function.include-once</a>]: failed to open stream: No such file or directory in Z:\Desenvolvimento\web\Underline\lib\Global.class.php on line 115
[25-Oct-2013 00:17:40 UTC] PHP Warning:  include_once() [<a href='function.include'>function.include</a>]: Failed opening 'Z:\Desenvolvimento\web\midiacoletiva2/lib/_autoLoadClass.php' for inclusion (include_path='.;C:\php\pear') in Z:\Desenvolvimento\web\Underline\lib\Global.class.php on line 115
[25-Oct-2013 00:17:40 UTC] PHP Warning:  include_once(Z:\Desenvolvimento\web\midiacoletiva2/lib/html/simple_html_dom.php) [<a href='function.include-once'>function.include-once</a>]: failed to open stream: No such file or directory in Z:\Desenvolvimento\web\Underline\lib\Global.class.php on line 117
[25-Oct-2013 00:17:40 UTC] PHP Warning:  include_once() [<a href='function.include'>function.include</a>]: Failed opening 'Z:\Desenvolvimento\web\midiacoletiva2/lib/html/simple_html_dom.php' for inclusion (include_path='.;C:\php\pear') in Z:\Desenvolvimento\web\Underline\lib\Global.class.php on line 117
[25-Oct-2013 00:17:40 UTC] PHP Fatal error:  Class 'Elemento' not found in Z:\Desenvolvimento\web\Underline\index.php on line 11
[25-Oct-2013 00:17:40 UTC] PHP Warning:  include_once(Z:\Desenvolvimento\web\midiacoletiva2/lib/_autoLoadClass.php) [<a href='function.include-once'>function.include-once</a>]: failed to open stream: No such file or directory in Z:\Desenvolvimento\web\Underline\lib\Global.class.php on line 115
[25-Oct-2013 00:17:40 UTC] PHP Warning:  include_once() [<a href='function.include'>function.include</a>]: Failed opening 'Z:\Desenvolvimento\web\midiacoletiva2/lib/_autoLoadClass.php' for inclusion (include_path='.;C:\php\pear') in Z:\Desenvolvimento\web\Underline\lib\Global.class.php on line 115
[25-Oct-2013 00:17:40 UTC] PHP Warning:  include_once(Z:\Desenvolvimento\web\midiacoletiva2/lib/html/simple_html_dom.php) [<a href='function.include-once'>function.include-once</a>]: failed to open stream: No such file or directory in Z:\Desenvolvimento\web\Underline\lib\Global.class.php on line 117
[25-Oct-2013 00:17:40 UTC] PHP Warning:  include_once() [<a href='function.include'>function.include</a>]: Failed opening 'Z:\Desenvolvimento\web\midiacoletiva2/lib/html/simple_html_dom.php' for inclusion (include_path='.;C:\php\pear') in Z:\Desenvolvimento\web\Underline\lib\Global.class.php on line 117
[25-Oct-2013 00:17:40 UTC] PHP Fatal error:  Class 'Elemento' not found in Z:\Desenvolvimento\web\Underline\index.php on line 11
[25-Oct-2013 00:17:41 UTC] PHP Warning:  include_once(Z:\Desenvolvimento\web\midiacoletiva2/lib/_autoLoadClass.php) [<a href='function.include-once'>function.include-once</a>]: failed to open stream: No such file or directory in Z:\Desenvolvimento\web\Underline\lib\Global.class.php on line 115
[25-Oct-2013 00:17:41 UTC] PHP Warning:  include_once() [<a href='function.include'>function.include</a>]: Failed opening 'Z:\Desenvolvimento\web\midiacoletiva2/lib/_autoLoadClass.php' for inclusion (include_path='.;C:\php\pear') in Z:\Desenvolvimento\web\Underline\lib\Global.class.php on line 115
[25-Oct-2013 00:17:41 UTC] PHP Warning:  include_once(Z:\Desenvolvimento\web\midiacoletiva2/lib/html/simple_html_dom.php) [<a href='function.include-once'>function.include-once</a>]: failed to open stream: No such file or directory in Z:\Desenvolvimento\web\Underline\lib\Global.class.php on line 117
[25-Oct-2013 00:17:41 UTC] PHP Warning:  include_once() [<a href='function.include'>function.include</a>]: Failed opening 'Z:\Desenvolvimento\web\midiacoletiva2/lib/html/simple_html_dom.php' for inclusion (include_path='.;C:\php\pear') in Z:\Desenvolvimento\web\Underline\lib\Global.class.php on line 117
[25-Oct-2013 00:17:41 UTC] PHP Fatal error:  Class 'Elemento' not found in Z:\Desenvolvimento\web\Underline\index.php on line 11
[25-Oct-2013 00:17:41 UTC] PHP Warning:  include_once(Z:\Desenvolvimento\web\midiacoletiva2/lib/_autoLoadClass.php) [<a href='function.include-once'>function.include-once</a>]: failed to open stream: No such file or directory in Z:\Desenvolvimento\web\Underline\lib\Global.class.php on line 115
[25-Oct-2013 00:17:41 UTC] PHP Warning:  include_once() [<a href='function.include'>function.include</a>]: Failed opening 'Z:\Desenvolvimento\web\midiacoletiva2/lib/_autoLoadClass.php' for inclusion (include_path='.;C:\php\pear') in Z:\Desenvolvimento\web\Underline\lib\Global.class.php on line 115
[25-Oct-2013 00:17:41 UTC] PHP Warning:  include_once(Z:\Desenvolvimento\web\midiacoletiva2/lib/html/simple_html_dom.php) [<a href='function.include-once'>function.include-once</a>]: failed to open stream: No such file or directory in Z:\Desenvolvimento\web\Underline\lib\Global.class.php on line 117
[25-Oct-2013 00:17:41 UTC] PHP Warning:  include_once() [<a href='function.include'>function.include</a>]: Failed opening 'Z:\Desenvolvimento\web\midiacoletiva2/lib/html/simple_html_dom.php' for inclusion (include_path='.;C:\php\pear') in Z:\Desenvolvimento\web\Underline\lib\Global.class.php on line 117
[25-Oct-2013 00:17:41 UTC] PHP Fatal error:  Class 'Elemento' not found in Z:\Desenvolvimento\web\Underline\index.php on line 11
[25-Oct-2013 00:17:41 UTC] PHP Warning:  include_once(Z:\Desenvolvimento\web\midiacoletiva2/lib/_autoLoadClass.php) [<a href='function.include-once'>function.include-once</a>]: failed to open stream: No such file or directory in Z:\Desenvolvimento\web\Underline\lib\Global.class.php on line 115
[25-Oct-2013 00:17:41 UTC] PHP Warning:  include_once() [<a href='function.include'>function.include</a>]: Failed opening 'Z:\Desenvolvimento\web\midiacoletiva2/lib/_autoLoadClass.php' for inclusion (include_path='.;C:\php\pear') in Z:\Desenvolvimento\web\Underline\lib\Global.class.php on line 115
[25-Oct-2013 00:17:42 UTC] PHP Warning:  include_once(Z:\Desenvolvimento\web\midiacoletiva2/lib/html/simple_html_dom.php) [<a href='function.include-once'>function.include-once</a>]: failed to open stream: No such file or directory in Z:\Desenvolvimento\web\Underline\lib\Global.class.php on line 117
[25-Oct-2013 00:17:42 UTC] PHP Warning:  include_once() [<a href='function.include'>function.include</a>]: Failed opening 'Z:\Desenvolvimento\web\midiacoletiva2/lib/html/simple_html_dom.php' for inclusion (include_path='.;C:\php\pear') in Z:\Desenvolvimento\web\Underline\lib\Global.class.php on line 117
[25-Oct-2013 00:17:42 UTC] PHP Fatal error:  Class 'Elemento' not found in Z:\Desenvolvimento\web\Underline\index.php on line 11
[25-Oct-2013 00:17:43 UTC] PHP Warning:  include_once(Z:\Desenvolvimento\web\midiacoletiva2/lib/_autoLoadClass.php) [<a href='function.include-once'>function.include-once</a>]: failed to open stream: No such file or directory in Z:\Desenvolvimento\web\Underline\lib\Global.class.php on line 115
[25-Oct-2013 00:17:43 UTC] PHP Warning:  include_once() [<a href='function.include'>function.include</a>]: Failed opening 'Z:\Desenvolvimento\web\midiacoletiva2/lib/_autoLoadClass.php' for inclusion (include_path='.;C:\php\pear') in Z:\Desenvolvimento\web\Underline\lib\Global.class.php on line 115
[25-Oct-2013 00:17:43 UTC] PHP Warning:  include_once(Z:\Desenvolvimento\web\midiacoletiva2/lib/html/simple_html_dom.php) [<a href='function.include-once'>function.include-once</a>]: failed to open stream: No such file or directory in Z:\Desenvolvimento\web\Underline\lib\Global.class.php on line 117
[25-Oct-2013 00:17:43 UTC] PHP Warning:  include_once() [<a href='function.include'>function.include</a>]: Failed opening 'Z:\Desenvolvimento\web\midiacoletiva2/lib/html/simple_html_dom.php' for inclusion (include_path='.;C:\php\pear') in Z:\Desenvolvimento\web\Underline\lib\Global.class.php on line 117
[25-Oct-2013 00:17:43 UTC] PHP Fatal error:  Class 'Elemento' not found in Z:\Desenvolvimento\web\Underline\index.php on line 11
[25-Oct-2013 00:18:02 UTC] PHP Warning:  include_once(Z:\Desenvolvimento\web\midiacoletiva2/lib/_autoLoadClass.php) [<a href='function.include-once'>function.include-once</a>]: failed to open stream: No such file or directory in Z:\Desenvolvimento\web\Underline\lib\Global.class.php on line 115
[25-Oct-2013 00:18:02 UTC] PHP Warning:  include_once() [<a href='function.include'>function.include</a>]: Failed opening 'Z:\Desenvolvimento\web\midiacoletiva2/lib/_autoLoadClass.php' for inclusion (include_path='.;C:\php\pear') in Z:\Desenvolvimento\web\Underline\lib\Global.class.php on line 115
[25-Oct-2013 00:18:02 UTC] PHP Warning:  include_once(Z:\Desenvolvimento\web\midiacoletiva2/lib/html/simple_html_dom.php) [<a href='function.include-once'>function.include-once</a>]: failed to open stream: No such file or directory in Z:\Desenvolvimento\web\Underline\lib\Global.class.php on line 117
[25-Oct-2013 00:18:02 UTC] PHP Warning:  include_once() [<a href='function.include'>function.include</a>]: Failed opening 'Z:\Desenvolvimento\web\midiacoletiva2/lib/html/simple_html_dom.php' for inclusion (include_path='.;C:\php\pear') in Z:\Desenvolvimento\web\Underline\lib\Global.class.php on line 117
[25-Oct-2013 00:18:02 UTC] PHP Fatal error:  Class 'Elemento' not found in Z:\Desenvolvimento\web\Underline\index.php on line 12
[25-Oct-2013 00:18:03 UTC] PHP Warning:  include_once(Z:\Desenvolvimento\web\midiacoletiva2/lib/_autoLoadClass.php) [<a href='function.include-once'>function.include-once</a>]: failed to open stream: No such file or directory in Z:\Desenvolvimento\web\Underline\lib\Global.class.php on line 115
[25-Oct-2013 00:18:03 UTC] PHP Warning:  include_once() [<a href='function.include'>function.include</a>]: Failed opening 'Z:\Desenvolvimento\web\midiacoletiva2/lib/_autoLoadClass.php' for inclusion (include_path='.;C:\php\pear') in Z:\Desenvolvimento\web\Underline\lib\Global.class.php on line 115
[25-Oct-2013 00:18:03 UTC] PHP Warning:  include_once(Z:\Desenvolvimento\web\midiacoletiva2/lib/html/simple_html_dom.php) [<a href='function.include-once'>function.include-once</a>]: failed to open stream: No such file or directory in Z:\Desenvolvimento\web\Underline\lib\Global.class.php on line 117
[25-Oct-2013 00:18:03 UTC] PHP Warning:  include_once() [<a href='function.include'>function.include</a>]: Failed opening 'Z:\Desenvolvimento\web\midiacoletiva2/lib/html/simple_html_dom.php' for inclusion (include_path='.;C:\php\pear') in Z:\Desenvolvimento\web\Underline\lib\Global.class.php on line 117
[25-Oct-2013 00:18:03 UTC] PHP Fatal error:  Class 'Elemento' not found in Z:\Desenvolvimento\web\Underline\index.php on line 12
[25-Oct-2013 00:18:03 UTC] PHP Warning:  include_once(Z:\Desenvolvimento\web\midiacoletiva2/lib/_autoLoadClass.php) [<a href='function.include-once'>function.include-once</a>]: failed to open stream: No such file or directory in Z:\Desenvolvimento\web\Underline\lib\Global.class.php on line 115
[25-Oct-2013 00:18:03 UTC] PHP Warning:  include_once() [<a href='function.include'>function.include</a>]: Failed opening 'Z:\Desenvolvimento\web\midiacoletiva2/lib/_autoLoadClass.php' for inclusion (include_path='.;C:\php\pear') in Z:\Desenvolvimento\web\Underline\lib\Global.class.php on line 115
[25-Oct-2013 00:18:03 UTC] PHP Warning:  include_once(Z:\Desenvolvimento\web\midiacoletiva2/lib/html/simple_html_dom.php) [<a href='function.include-once'>function.include-once</a>]: failed to open stream: No such file or directory in Z:\Desenvolvimento\web\Underline\lib\Global.class.php on line 117
[25-Oct-2013 00:18:03 UTC] PHP Warning:  include_once() [<a href='function.include'>function.include</a>]: Failed opening 'Z:\Desenvolvimento\web\midiacoletiva2/lib/html/simple_html_dom.php' for inclusion (include_path='.;C:\php\pear') in Z:\Desenvolvimento\web\Underline\lib\Global.class.php on line 117
[25-Oct-2013 00:18:03 UTC] PHP Fatal error:  Class 'Elemento' not found in Z:\Desenvolvimento\web\Underline\index.php on line 12
[25-Oct-2013 00:18:50 UTC] PHP Warning:  include_once(Z:\Desenvolvimento\web\midiacoletiva2/lib/_autoLoadClass.php) [<a href='function.include-once'>function.include-once</a>]: failed to open stream: No such file or directory in Z:\Desenvolvimento\web\Underline\lib\Global.class.php on line 115
[25-Oct-2013 00:18:50 UTC] PHP Warning:  include_once() [<a href='function.include'>function.include</a>]: Failed opening 'Z:\Desenvolvimento\web\midiacoletiva2/lib/_autoLoadClass.php' for inclusion (include_path='.;C:\php\pear') in Z:\Desenvolvimento\web\Underline\lib\Global.class.php on line 115
[25-Oct-2013 00:18:50 UTC] PHP Warning:  include_once(Z:\Desenvolvimento\web\midiacoletiva2/lib/html/simple_html_dom.php) [<a href='function.include-once'>function.include-once</a>]: failed to open stream: No such file or directory in Z:\Desenvolvimento\web\Underline\lib\Global.class.php on line 117
[25-Oct-2013 00:18:50 UTC] PHP Warning:  include_once() [<a href='function.include'>function.include</a>]: Failed opening 'Z:\Desenvolvimento\web\midiacoletiva2/lib/html/simple_html_dom.php' for inclusion (include_path='.;C:\php\pear') in Z:\Desenvolvimento\web\Underline\lib\Global.class.php on line 117
[25-Oct-2013 00:18:50 UTC] PHP Fatal error:  Class 'Elemento' not found in Z:\Desenvolvimento\web\Underline\index.php on line 12
[25-Oct-2013 00:19:22 UTC] PHP Warning:  include_once(../config/setGlbVars.php) [<a href='function.include-once'>function.include-once</a>]: failed to open stream: No such file or directory in Z:\Desenvolvimento\web\Underline\lib\Global.class.php on line 109
[25-Oct-2013 00:19:22 UTC] PHP Warning:  include_once() [<a href='function.include'>function.include</a>]: Failed opening '../config/setGlbVars.php' for inclusion (include_path='.;C:\php\pear') in Z:\Desenvolvimento\web\Underline\lib\Global.class.php on line 109
[25-Oct-2013 00:19:22 UTC] PHP Notice:  Undefined variable: DIR_CONFIG in Z:\Desenvolvimento\web\Underline\lib\Global.class.php on line 110
[25-Oct-2013 00:19:22 UTC] PHP Notice:  Undefined variable: DIR_CONFIG in Z:\Desenvolvimento\web\Underline\lib\Global.class.php on line 111
[25-Oct-2013 00:19:22 UTC] PHP Notice:  Undefined variable: DIR_CONFIG in Z:\Desenvolvimento\web\Underline\lib\Global.class.php on line 112
[25-Oct-2013 00:19:22 UTC] PHP Notice:  Undefined variable: DIR_CONFIG in Z:\Desenvolvimento\web\Underline\lib\Global.class.php on line 113
[25-Oct-2013 00:19:22 UTC] PHP Warning:  file_get_contents(/app.visual/html/index.html) [<a href='function.file-get-contents'>function.file-get-contents</a>]: failed to open stream: No such file or directory in Z:\Desenvolvimento\web\Underline\lib\html\simple_html_dom.php on line 75
[25-Oct-2013 00:19:22 UTC] PHP Warning:  file_get_contents(/app.visual/html/MSG.html) [<a href='function.file-get-contents'>function.file-get-contents</a>]: failed to open stream: No such file or directory in Z:\Desenvolvimento\web\Underline\lib\html\simple_html_dom.php on line 75
[25-Oct-2013 00:19:22 UTC] PHP Fatal error:  Call to a member function find() on a non-object in Z:\Desenvolvimento\web\Underline\lib\Msg.class.php on line 43
[25-Oct-2013 00:21:00 UTC] PHP Parse error:  syntax error, unexpected '<' in Z:\Desenvolvimento\web\Underline\config\gbl.php on line 2
[25-Oct-2013 00:22:13 UTC] PHP Warning:  include_once(../config/gbl.php) [<a href='function.include-once'>function.include-once</a>]: failed to open stream: No such file or directory in Z:\Desenvolvimento\web\Underline\lib\Global.class.php on line 109
[25-Oct-2013 00:22:13 UTC] PHP Warning:  include_once() [<a href='function.include'>function.include</a>]: Failed opening '../config/gbl.php' for inclusion (include_path='.;C:\php\pear') in Z:\Desenvolvimento\web\Underline\lib\Global.class.php on line 109
[25-Oct-2013 00:22:13 UTC] PHP Notice:  Undefined variable: DIR_CONFIG in Z:\Desenvolvimento\web\Underline\lib\Global.class.php on line 110
[25-Oct-2013 00:22:13 UTC] PHP Notice:  Undefined variable: DIR_CONFIG in Z:\Desenvolvimento\web\Underline\lib\Global.class.php on line 111
[25-Oct-2013 00:22:13 UTC] PHP Notice:  Undefined variable: DIR_CONFIG in Z:\Desenvolvimento\web\Underline\lib\Global.class.php on line 112
[25-Oct-2013 00:22:13 UTC] PHP Notice:  Undefined variable: DIR_CONFIG in Z:\Desenvolvimento\web\Underline\lib\Global.class.php on line 113
[25-Oct-2013 00:22:13 UTC] PHP Warning:  file_get_contents(/app.visual/html/index.html) [<a href='function.file-get-contents'>function.file-get-contents</a>]: failed to open stream: No such file or directory in Z:\Desenvolvimento\web\Underline\lib\html\simple_html_dom.php on line 75
[25-Oct-2013 00:22:13 UTC] PHP Warning:  file_get_contents(/app.visual/html/MSG.html) [<a href='function.file-get-contents'>function.file-get-contents</a>]: failed to open stream: No such file or directory in Z:\Desenvolvimento\web\Underline\lib\html\simple_html_dom.php on line 75
[25-Oct-2013 00:22:13 UTC] PHP Fatal error:  Call to a member function find() on a non-object in Z:\Desenvolvimento\web\Underline\lib\Msg.class.php on line 43
[25-Oct-2013 00:23:52 UTC] PHP Warning:  include_once(../config/gbl.php) [<a href='function.include-once'>function.include-once</a>]: failed to open stream: No such file or directory in Z:\Desenvolvimento\web\Underline\lib\Global.class.php on line 109
[25-Oct-2013 00:23:52 UTC] PHP Warning:  include_once() [<a href='function.include'>function.include</a>]: Failed opening '../config/gbl.php' for inclusion (include_path='.;C:\php\pear') in Z:\Desenvolvimento\web\Underline\lib\Global.class.php on line 109
[25-Oct-2013 00:23:52 UTC] PHP Notice:  Undefined variable: DIR_CONFIG in Z:\Desenvolvimento\web\Underline\lib\Global.class.php on line 110
[25-Oct-2013 00:23:52 UTC] PHP Notice:  Undefined variable: DIR_CONFIG in Z:\Desenvolvimento\web\Underline\lib\Global.class.php on line 111
[25-Oct-2013 00:23:52 UTC] PHP Notice:  Undefined variable: DIR_CONFIG in Z:\Desenvolvimento\web\Underline\lib\Global.class.php on line 112
[25-Oct-2013 00:23:52 UTC] PHP Notice:  Undefined variable: DIR_CONFIG in Z:\Desenvolvimento\web\Underline\lib\Global.class.php on line 113
[25-Oct-2013 00:23:52 UTC] PHP Warning:  file_get_contents(/app.visual/html/index.html) [<a href='function.file-get-contents'>function.file-get-contents</a>]: failed to open stream: No such file or directory in Z:\Desenvolvimento\web\Underline\lib\html\simple_html_dom.php on line 75
[25-Oct-2013 00:23:52 UTC] PHP Warning:  file_get_contents(/app.visual/html/MSG.html) [<a href='function.file-get-contents'>function.file-get-contents</a>]: failed to open stream: No such file or directory in Z:\Desenvolvimento\web\Underline\lib\html\simple_html_dom.php on line 75
[25-Oct-2013 00:23:52 UTC] PHP Fatal error:  Call to a member function find() on a non-object in Z:\Desenvolvimento\web\Underline\lib\Msg.class.php on line 43
[25-Oct-2013 00:23:54 UTC] PHP Warning:  include_once(../config/gbl.php) [<a href='function.include-once'>function.include-once</a>]: failed to open stream: No such file or directory in Z:\Desenvolvimento\web\Underline\lib\Global.class.php on line 109
[25-Oct-2013 00:23:54 UTC] PHP Warning:  include_once() [<a href='function.include'>function.include</a>]: Failed opening '../config/gbl.php' for inclusion (include_path='.;C:\php\pear') in Z:\Desenvolvimento\web\Underline\lib\Global.class.php on line 109
[25-Oct-2013 00:23:54 UTC] PHP Notice:  Undefined variable: DIR_CONFIG in Z:\Desenvolvimento\web\Underline\lib\Global.class.php on line 110
[25-Oct-2013 00:23:54 UTC] PHP Notice:  Undefined variable: DIR_CONFIG in Z:\Desenvolvimento\web\Underline\lib\Global.class.php on line 111
[25-Oct-2013 00:23:54 UTC] PHP Notice:  Undefined variable: DIR_CONFIG in Z:\Desenvolvimento\web\Underline\lib\Global.class.php on line 112
[25-Oct-2013 00:23:54 UTC] PHP Notice:  Undefined variable: DIR_CONFIG in Z:\Desenvolvimento\web\Underline\lib\Global.class.php on line 113
[25-Oct-2013 00:23:54 UTC] PHP Warning:  file_get_contents(/app.visual/html/index.html) [<a href='function.file-get-contents'>function.file-get-contents</a>]: failed to open stream: No such file or directory in Z:\Desenvolvimento\web\Underline\lib\html\simple_html_dom.php on line 75
[25-Oct-2013 00:23:54 UTC] PHP Warning:  file_get_contents(/app.visual/html/MSG.html) [<a href='function.file-get-contents'>function.file-get-contents</a>]: failed to open stream: No such file or directory in Z:\Desenvolvimento\web\Underline\lib\html\simple_html_dom.php on line 75
[25-Oct-2013 00:23:54 UTC] PHP Fatal error:  Call to a member function find() on a non-object in Z:\Desenvolvimento\web\Underline\lib\Msg.class.php on line 43
[25-Oct-2013 00:23:55 UTC] PHP Warning:  include_once(../config/gbl.php) [<a href='function.include-once'>function.include-once</a>]: failed to open stream: No such file or directory in Z:\Desenvolvimento\web\Underline\lib\Global.class.php on line 109
[25-Oct-2013 00:23:55 UTC] PHP Warning:  include_once() [<a href='function.include'>function.include</a>]: Failed opening '../config/gbl.php' for inclusion (include_path='.;C:\php\pear') in Z:\Desenvolvimento\web\Underline\lib\Global.class.php on line 109
[25-Oct-2013 00:23:55 UTC] PHP Notice:  Undefined variable: DIR_CONFIG in Z:\Desenvolvimento\web\Underline\lib\Global.class.php on line 110
[25-Oct-2013 00:23:55 UTC] PHP Notice:  Undefined variable: DIR_CONFIG in Z:\Desenvolvimento\web\Underline\lib\Global.class.php on line 111
[25-Oct-2013 00:23:55 UTC] PHP Notice:  Undefined variable: DIR_CONFIG in Z:\Desenvolvimento\web\Underline\lib\Global.class.php on line 112
[25-Oct-2013 00:23:55 UTC] PHP Notice:  Undefined variable: DIR_CONFIG in Z:\Desenvolvimento\web\Underline\lib\Global.class.php on line 113
[25-Oct-2013 00:23:55 UTC] PHP Warning:  file_get_contents(/app.visual/html/index.html) [<a href='function.file-get-contents'>function.file-get-contents</a>]: failed to open stream: No such file or directory in Z:\Desenvolvimento\web\Underline\lib\html\simple_html_dom.php on line 75
[25-Oct-2013 00:23:55 UTC] PHP Warning:  file_get_contents(/app.visual/html/MSG.html) [<a href='function.file-get-contents'>function.file-get-contents</a>]: failed to open stream: No such file or directory in Z:\Desenvolvimento\web\Underline\lib\html\simple_html_dom.php on line 75
[25-Oct-2013 00:23:55 UTC] PHP Fatal error:  Call to a member function find() on a non-object in Z:\Desenvolvimento\web\Underline\lib\Msg.class.php on line 43
[25-Oct-2013 00:23:56 UTC] PHP Warning:  include_once(../config/gbl.php) [<a href='function.include-once'>function.include-once</a>]: failed to open stream: No such file or directory in Z:\Desenvolvimento\web\Underline\lib\Global.class.php on line 109
[25-Oct-2013 00:23:56 UTC] PHP Warning:  include_once() [<a href='function.include'>function.include</a>]: Failed opening '../config/gbl.php' for inclusion (include_path='.;C:\php\pear') in Z:\Desenvolvimento\web\Underline\lib\Global.class.php on line 109
[25-Oct-2013 00:23:56 UTC] PHP Notice:  Undefined variable: DIR_CONFIG in Z:\Desenvolvimento\web\Underline\lib\Global.class.php on line 110
[25-Oct-2013 00:23:56 UTC] PHP Notice:  Undefined variable: DIR_CONFIG in Z:\Desenvolvimento\web\Underline\lib\Global.class.php on line 111
[25-Oct-2013 00:23:56 UTC] PHP Notice:  Undefined variable: DIR_CONFIG in Z:\Desenvolvimento\web\Underline\lib\Global.class.php on line 112
[25-Oct-2013 00:23:56 UTC] PHP Notice:  Undefined variable: DIR_CONFIG in Z:\Desenvolvimento\web\Underline\lib\Global.class.php on line 113
[25-Oct-2013 00:23:56 UTC] PHP Warning:  file_get_contents(/app.visual/html/index.html) [<a href='function.file-get-contents'>function.file-get-contents</a>]: failed to open stream: No such file or directory in Z:\Desenvolvimento\web\Underline\lib\html\simple_html_dom.php on line 75
[25-Oct-2013 00:23:56 UTC] PHP Warning:  file_get_contents(/app.visual/html/MSG.html) [<a href='function.file-get-contents'>function.file-get-contents</a>]: failed to open stream: No such file or directory in Z:\Desenvolvimento\web\Underline\lib\html\simple_html_dom.php on line 75
[25-Oct-2013 00:23:56 UTC] PHP Fatal error:  Call to a member function find() on a non-object in Z:\Desenvolvimento\web\Underline\lib\Msg.class.php on line 43
[25-Oct-2013 00:28:57 UTC] PHP Warning:  include_once(../config/gbl.php) [<a href='function.include-once'>function.include-once</a>]: failed to open stream: No such file or directory in Z:\Desenvolvimento\web\Underline\lib\Global.class.php on line 109
[25-Oct-2013 00:28:57 UTC] PHP Warning:  include_once() [<a href='function.include'>function.include</a>]: Failed opening '../config/gbl.php' for inclusion (include_path='.;C:\php\pear') in Z:\Desenvolvimento\web\Underline\lib\Global.class.php on line 109
[25-Oct-2013 00:28:57 UTC] PHP Notice:  Undefined variable: DIR_CONFIG in Z:\Desenvolvimento\web\Underline\lib\Global.class.php on line 110
[25-Oct-2013 00:28:57 UTC] PHP Notice:  Undefined variable: DIR_CONFIG in Z:\Desenvolvimento\web\Underline\lib\Global.class.php on line 111
[25-Oct-2013 00:28:57 UTC] PHP Notice:  Undefined variable: DIR_CONFIG in Z:\Desenvolvimento\web\Underline\lib\Global.class.php on line 112
[25-Oct-2013 00:28:57 UTC] PHP Notice:  Undefined variable: DIR_CONFIG in Z:\Desenvolvimento\web\Underline\lib\Global.class.php on line 113
[25-Oct-2013 00:28:57 UTC] PHP Warning:  file_get_contents(/app.visual/html/index.html) [<a href='function.file-get-contents'>function.file-get-contents</a>]: failed to open stream: No such file or directory in Z:\Desenvolvimento\web\Underline\lib\html\simple_html_dom.php on line 75
[25-Oct-2013 00:28:57 UTC] PHP Warning:  file_get_contents(/app.visual/html/MSG.html) [<a href='function.file-get-contents'>function.file-get-contents</a>]: failed to open stream: No such file or directory in Z:\Desenvolvimento\web\Underline\lib\html\simple_html_dom.php on line 75
[25-Oct-2013 00:28:57 UTC] PHP Fatal error:  Call to a member function find() on a non-object in Z:\Desenvolvimento\web\Underline\lib\Msg.class.php on line 43
[25-Oct-2013 00:28:58 UTC] PHP Warning:  include_once(../config/gbl.php) [<a href='function.include-once'>function.include-once</a>]: failed to open stream: No such file or directory in Z:\Desenvolvimento\web\Underline\lib\Global.class.php on line 109
[25-Oct-2013 00:28:58 UTC] PHP Warning:  include_once() [<a href='function.include'>function.include</a>]: Failed opening '../config/gbl.php' for inclusion (include_path='.;C:\php\pear') in Z:\Desenvolvimento\web\Underline\lib\Global.class.php on line 109
[25-Oct-2013 00:28:58 UTC] PHP Notice:  Undefined variable: DIR_CONFIG in Z:\Desenvolvimento\web\Underline\lib\Global.class.php on line 110
[25-Oct-2013 00:28:58 UTC] PHP Notice:  Undefined variable: DIR_CONFIG in Z:\Desenvolvimento\web\Underline\lib\Global.class.php on line 111
[25-Oct-2013 00:28:58 UTC] PHP Notice:  Undefined variable: DIR_CONFIG in Z:\Desenvolvimento\web\Underline\lib\Global.class.php on line 112
[25-Oct-2013 00:28:58 UTC] PHP Notice:  Undefined variable: DIR_CONFIG in Z:\Desenvolvimento\web\Underline\lib\Global.class.php on line 113
[25-Oct-2013 00:28:58 UTC] PHP Warning:  file_get_contents(/app.visual/html/index.html) [<a href='function.file-get-contents'>function.file-get-contents</a>]: failed to open stream: No such file or directory in Z:\Desenvolvimento\web\Underline\lib\html\simple_html_dom.php on line 75
[25-Oct-2013 00:28:58 UTC] PHP Warning:  file_get_contents(/app.visual/html/MSG.html) [<a href='function.file-get-contents'>function.file-get-contents</a>]: failed to open stream: No such file or directory in Z:\Desenvolvimento\web\Underline\lib\html\simple_html_dom.php on line 75
[25-Oct-2013 00:28:58 UTC] PHP Fatal error:  Call to a member function find() on a non-object in Z:\Desenvolvimento\web\Underline\lib\Msg.class.php on line 43
[25-Oct-2013 00:28:58 UTC] PHP Warning:  include_once(../config/gbl.php) [<a href='function.include-once'>function.include-once</a>]: failed to open stream: No such file or directory in Z:\Desenvolvimento\web\Underline\lib\Global.class.php on line 109
[25-Oct-2013 00:28:58 UTC] PHP Warning:  include_once() [<a href='function.include'>function.include</a>]: Failed opening '../config/gbl.php' for inclusion (include_path='.;C:\php\pear') in Z:\Desenvolvimento\web\Underline\lib\Global.class.php on line 109
[25-Oct-2013 00:28:58 UTC] PHP Notice:  Undefined variable: DIR_CONFIG in Z:\Desenvolvimento\web\Underline\lib\Global.class.php on line 110
[25-Oct-2013 00:28:58 UTC] PHP Notice:  Undefined variable: DIR_CONFIG in Z:\Desenvolvimento\web\Underline\lib\Global.class.php on line 111
[25-Oct-2013 00:28:58 UTC] PHP Notice:  Undefined variable: DIR_CONFIG in Z:\Desenvolvimento\web\Underline\lib\Global.class.php on line 112
[25-Oct-2013 00:28:58 UTC] PHP Notice:  Undefined variable: DIR_CONFIG in Z:\Desenvolvimento\web\Underline\lib\Global.class.php on line 113
[25-Oct-2013 00:28:58 UTC] PHP Warning:  file_get_contents(/app.visual/html/index.html) [<a href='function.file-get-contents'>function.file-get-contents</a>]: failed to open stream: No such file or directory in Z:\Desenvolvimento\web\Underline\lib\html\simple_html_dom.php on line 75
[25-Oct-2013 00:28:58 UTC] PHP Warning:  file_get_contents(/app.visual/html/MSG.html) [<a href='function.file-get-contents'>function.file-get-contents</a>]: failed to open stream: No such file or directory in Z:\Desenvolvimento\web\Underline\lib\html\simple_html_dom.php on line 75
[25-Oct-2013 00:28:58 UTC] PHP Fatal error:  Call to a member function find() on a non-object in Z:\Desenvolvimento\web\Underline\lib\Msg.class.php on line 43
[25-Oct-2013 00:28:58 UTC] PHP Warning:  include_once(../config/gbl.php) [<a href='function.include-once'>function.include-once</a>]: failed to open stream: No such file or directory in Z:\Desenvolvimento\web\Underline\lib\Global.class.php on line 109
[25-Oct-2013 00:28:58 UTC] PHP Warning:  include_once() [<a href='function.include'>function.include</a>]: Failed opening '../config/gbl.php' for inclusion (include_path='.;C:\php\pear') in Z:\Desenvolvimento\web\Underline\lib\Global.class.php on line 109
[25-Oct-2013 00:28:58 UTC] PHP Notice:  Undefined variable: DIR_CONFIG in Z:\Desenvolvimento\web\Underline\lib\Global.class.php on line 110
[25-Oct-2013 00:28:58 UTC] PHP Notice:  Undefined variable: DIR_CONFIG in Z:\Desenvolvimento\web\Underline\lib\Global.class.php on line 111
[25-Oct-2013 00:28:58 UTC] PHP Notice:  Undefined variable: DIR_CONFIG in Z:\Desenvolvimento\web\Underline\lib\Global.class.php on line 112
[25-Oct-2013 00:28:58 UTC] PHP Notice:  Undefined variable: DIR_CONFIG in Z:\Desenvolvimento\web\Underline\lib\Global.class.php on line 113
[25-Oct-2013 00:28:58 UTC] PHP Warning:  file_get_contents(/app.visual/html/index.html) [<a href='function.file-get-contents'>function.file-get-contents</a>]: failed to open stream: No such file or directory in Z:\Desenvolvimento\web\Underline\lib\html\simple_html_dom.php on line 75
[25-Oct-2013 00:28:58 UTC] PHP Warning:  file_get_contents(/app.visual/html/MSG.html) [<a href='function.file-get-contents'>function.file-get-contents</a>]: failed to open stream: No such file or directory in Z:\Desenvolvimento\web\Underline\lib\html\simple_html_dom.php on line 75
[25-Oct-2013 00:28:58 UTC] PHP Fatal error:  Call to a member function find() on a non-object in Z:\Desenvolvimento\web\Underline\lib\Msg.class.php on line 43
[25-Oct-2013 00:28:59 UTC] PHP Warning:  include_once(../config/gbl.php) [<a href='function.include-once'>function.include-once</a>]: failed to open stream: No such file or directory in Z:\Desenvolvimento\web\Underline\lib\Global.class.php on line 109
[25-Oct-2013 00:28:59 UTC] PHP Warning:  include_once() [<a href='function.include'>function.include</a>]: Failed opening '../config/gbl.php' for inclusion (include_path='.;C:\php\pear') in Z:\Desenvolvimento\web\Underline\lib\Global.class.php on line 109
[25-Oct-2013 00:28:59 UTC] PHP Notice:  Undefined variable: DIR_CONFIG in Z:\Desenvolvimento\web\Underline\lib\Global.class.php on line 110
[25-Oct-2013 00:28:59 UTC] PHP Notice:  Undefined variable: DIR_CONFIG in Z:\Desenvolvimento\web\Underline\lib\Global.class.php on line 111
[25-Oct-2013 00:28:59 UTC] PHP Notice:  Undefined variable: DIR_CONFIG in Z:\Desenvolvimento\web\Underline\lib\Global.class.php on line 112
[25-Oct-2013 00:28:59 UTC] PHP Notice:  Undefined variable: DIR_CONFIG in Z:\Desenvolvimento\web\Underline\lib\Global.class.php on line 113
[25-Oct-2013 00:28:59 UTC] PHP Warning:  file_get_contents(/app.visual/html/index.html) [<a href='function.file-get-contents'>function.file-get-contents</a>]: failed to open stream: No such file or directory in Z:\Desenvolvimento\web\Underline\lib\html\simple_html_dom.php on line 75
[25-Oct-2013 00:28:59 UTC] PHP Warning:  file_get_contents(/app.visual/html/MSG.html) [<a href='function.file-get-contents'>function.file-get-contents</a>]: failed to open stream: No such file or directory in Z:\Desenvolvimento\web\Underline\lib\html\simple_html_dom.php on line 75
[25-Oct-2013 00:28:59 UTC] PHP Fatal error:  Call to a member function find() on a non-object in Z:\Desenvolvimento\web\Underline\lib\Msg.class.php on line 43
[25-Oct-2013 00:28:59 UTC] PHP Warning:  include_once(../config/gbl.php) [<a href='function.include-once'>function.include-once</a>]: failed to open stream: No such file or directory in Z:\Desenvolvimento\web\Underline\lib\Global.class.php on line 109
[25-Oct-2013 00:28:59 UTC] PHP Warning:  include_once() [<a href='function.include'>function.include</a>]: Failed opening '../config/gbl.php' for inclusion (include_path='.;C:\php\pear') in Z:\Desenvolvimento\web\Underline\lib\Global.class.php on line 109
[25-Oct-2013 00:28:59 UTC] PHP Notice:  Undefined variable: DIR_CONFIG in Z:\Desenvolvimento\web\Underline\lib\Global.class.php on line 110
[25-Oct-2013 00:28:59 UTC] PHP Notice:  Undefined variable: DIR_CONFIG in Z:\Desenvolvimento\web\Underline\lib\Global.class.php on line 111
[25-Oct-2013 00:28:59 UTC] PHP Notice:  Undefined variable: DIR_CONFIG in Z:\Desenvolvimento\web\Underline\lib\Global.class.php on line 112
[25-Oct-2013 00:28:59 UTC] PHP Notice:  Undefined variable: DIR_CONFIG in Z:\Desenvolvimento\web\Underline\lib\Global.class.php on line 113
[25-Oct-2013 00:28:59 UTC] PHP Warning:  file_get_contents(/app.visual/html/index.html) [<a href='function.file-get-contents'>function.file-get-contents</a>]: failed to open stream: No such file or directory in Z:\Desenvolvimento\web\Underline\lib\html\simple_html_dom.php on line 75
[25-Oct-2013 00:28:59 UTC] PHP Warning:  file_get_contents(/app.visual/html/MSG.html) [<a href='function.file-get-contents'>function.file-get-contents</a>]: failed to open stream: No such file or directory in Z:\Desenvolvimento\web\Underline\lib\html\simple_html_dom.php on line 75
[25-Oct-2013 00:28:59 UTC] PHP Fatal error:  Call to a member function find() on a non-object in Z:\Desenvolvimento\web\Underline\lib\Msg.class.php on line 43
[25-Oct-2013 00:28:59 UTC] PHP Warning:  include_once(../config/gbl.php) [<a href='function.include-once'>function.include-once</a>]: failed to open stream: No such file or directory in Z:\Desenvolvimento\web\Underline\lib\Global.class.php on line 109
[25-Oct-2013 00:28:59 UTC] PHP Warning:  include_once() [<a href='function.include'>function.include</a>]: Failed opening '../config/gbl.php' for inclusion (include_path='.;C:\php\pear') in Z:\Desenvolvimento\web\Underline\lib\Global.class.php on line 109
[25-Oct-2013 00:28:59 UTC] PHP Notice:  Undefined variable: DIR_CONFIG in Z:\Desenvolvimento\web\Underline\lib\Global.class.php on line 110
[25-Oct-2013 00:28:59 UTC] PHP Notice:  Undefined variable: DIR_CONFIG in Z:\Desenvolvimento\web\Underline\lib\Global.class.php on line 111
[25-Oct-2013 00:28:59 UTC] PHP Notice:  Undefined variable: DIR_CONFIG in Z:\Desenvolvimento\web\Underline\lib\Global.class.php on line 112
[25-Oct-2013 00:28:59 UTC] PHP Notice:  Undefined variable: DIR_CONFIG in Z:\Desenvolvimento\web\Underline\lib\Global.class.php on line 113
[25-Oct-2013 00:28:59 UTC] PHP Warning:  file_get_contents(/app.visual/html/index.html) [<a href='function.file-get-contents'>function.file-get-contents</a>]: failed to open stream: No such file or directory in Z:\Desenvolvimento\web\Underline\lib\html\simple_html_dom.php on line 75
[25-Oct-2013 00:28:59 UTC] PHP Warning:  file_get_contents(/app.visual/html/MSG.html) [<a href='function.file-get-contents'>function.file-get-contents</a>]: failed to open stream: No such file or directory in Z:\Desenvolvimento\web\Underline\lib\html\simple_html_dom.php on line 75
[25-Oct-2013 00:28:59 UTC] PHP Fatal error:  Call to a member function find() on a non-object in Z:\Desenvolvimento\web\Underline\lib\Msg.class.php on line 43
[25-Oct-2013 00:28:59 UTC] PHP Warning:  include_once(../config/gbl.php) [<a href='function.include-once'>function.include-once</a>]: failed to open stream: No such file or directory in Z:\Desenvolvimento\web\Underline\lib\Global.class.php on line 109
[25-Oct-2013 00:28:59 UTC] PHP Warning:  include_once() [<a href='function.include'>function.include</a>]: Failed opening '../config/gbl.php' for inclusion (include_path='.;C:\php\pear') in Z:\Desenvolvimento\web\Underline\lib\Global.class.php on line 109
[25-Oct-2013 00:28:59 UTC] PHP Notice:  Undefined variable: DIR_CONFIG in Z:\Desenvolvimento\web\Underline\lib\Global.class.php on line 110
[25-Oct-2013 00:28:59 UTC] PHP Notice:  Undefined variable: DIR_CONFIG in Z:\Desenvolvimento\web\Underline\lib\Global.class.php on line 111
[25-Oct-2013 00:28:59 UTC] PHP Notice:  Undefined variable: DIR_CONFIG in Z:\Desenvolvimento\web\Underline\lib\Global.class.php on line 112
[25-Oct-2013 00:28:59 UTC] PHP Notice:  Undefined variable: DIR_CONFIG in Z:\Desenvolvimento\web\Underline\lib\Global.class.php on line 113
[25-Oct-2013 00:28:59 UTC] PHP Warning:  file_get_contents(/app.visual/html/index.html) [<a href='function.file-get-contents'>function.file-get-contents</a>]: failed to open stream: No such file or directory in Z:\Desenvolvimento\web\Underline\lib\html\simple_html_dom.php on line 75
[25-Oct-2013 00:28:59 UTC] PHP Warning:  file_get_contents(/app.visual/html/MSG.html) [<a href='function.file-get-contents'>function.file-get-contents</a>]: failed to open stream: No such file or directory in Z:\Desenvolvimento\web\Underline\lib\html\simple_html_dom.php on line 75
[25-Oct-2013 00:28:59 UTC] PHP Fatal error:  Call to a member function find() on a non-object in Z:\Desenvolvimento\web\Underline\lib\Msg.class.php on line 43
[25-Oct-2013 00:29:00 UTC] PHP Warning:  include_once(../config/gbl.php) [<a href='function.include-once'>function.include-once</a>]: failed to open stream: No such file or directory in Z:\Desenvolvimento\web\Underline\lib\Global.class.php on line 109
[25-Oct-2013 00:29:00 UTC] PHP Warning:  include_once() [<a href='function.include'>function.include</a>]: Failed opening '../config/gbl.php' for inclusion (include_path='.;C:\php\pear') in Z:\Desenvolvimento\web\Underline\lib\Global.class.php on line 109
[25-Oct-2013 00:29:00 UTC] PHP Notice:  Undefined variable: DIR_CONFIG in Z:\Desenvolvimento\web\Underline\lib\Global.class.php on line 110
[25-Oct-2013 00:29:00 UTC] PHP Notice:  Undefined variable: DIR_CONFIG in Z:\Desenvolvimento\web\Underline\lib\Global.class.php on line 111
[25-Oct-2013 00:29:00 UTC] PHP Notice:  Undefined variable: DIR_CONFIG in Z:\Desenvolvimento\web\Underline\lib\Global.class.php on line 112
[25-Oct-2013 00:29:00 UTC] PHP Notice:  Undefined variable: DIR_CONFIG in Z:\Desenvolvimento\web\Underline\lib\Global.class.php on line 113
[25-Oct-2013 00:29:00 UTC] PHP Warning:  file_get_contents(/app.visual/html/index.html) [<a href='function.file-get-contents'>function.file-get-contents</a>]: failed to open stream: No such file or directory in Z:\Desenvolvimento\web\Underline\lib\html\simple_html_dom.php on line 75
[25-Oct-2013 00:29:00 UTC] PHP Warning:  file_get_contents(/app.visual/html/MSG.html) [<a href='function.file-get-contents'>function.file-get-contents</a>]: failed to open stream: No such file or directory in Z:\Desenvolvimento\web\Underline\lib\html\simple_html_dom.php on line 75
[25-Oct-2013 00:29:00 UTC] PHP Fatal error:  Call to a member function find() on a non-object in Z:\Desenvolvimento\web\Underline\lib\Msg.class.php on line 43
[25-Oct-2013 00:29:00 UTC] PHP Warning:  include_once(../config/gbl.php) [<a href='function.include-once'>function.include-once</a>]: failed to open stream: No such file or directory in Z:\Desenvolvimento\web\Underline\lib\Global.class.php on line 109
[25-Oct-2013 00:29:00 UTC] PHP Warning:  include_once() [<a href='function.include'>function.include</a>]: Failed opening '../config/gbl.php' for inclusion (include_path='.;C:\php\pear') in Z:\Desenvolvimento\web\Underline\lib\Global.class.php on line 109
[25-Oct-2013 00:29:00 UTC] PHP Notice:  Undefined variable: DIR_CONFIG in Z:\Desenvolvimento\web\Underline\lib\Global.class.php on line 110
[25-Oct-2013 00:29:00 UTC] PHP Notice:  Undefined variable: DIR_CONFIG in Z:\Desenvolvimento\web\Underline\lib\Global.class.php on line 111
[25-Oct-2013 00:29:00 UTC] PHP Notice:  Undefined variable: DIR_CONFIG in Z:\Desenvolvimento\web\Underline\lib\Global.class.php on line 112
[25-Oct-2013 00:29:00 UTC] PHP Notice:  Undefined variable: DIR_CONFIG in Z:\Desenvolvimento\web\Underline\lib\Global.class.php on line 113
[25-Oct-2013 00:29:00 UTC] PHP Warning:  file_get_contents(/app.visual/html/index.html) [<a href='function.file-get-contents'>function.file-get-contents</a>]: failed to open stream: No such file or directory in Z:\Desenvolvimento\web\Underline\lib\html\simple_html_dom.php on line 75
[25-Oct-2013 00:29:00 UTC] PHP Warning:  file_get_contents(/app.visual/html/MSG.html) [<a href='function.file-get-contents'>function.file-get-contents</a>]: failed to open stream: No such file or directory in Z:\Desenvolvimento\web\Underline\lib\html\simple_html_dom.php on line 75
[25-Oct-2013 00:29:00 UTC] PHP Fatal error:  Call to a member function find() on a non-object in Z:\Desenvolvimento\web\Underline\lib\Msg.class.php on line 43
[25-Oct-2013 00:29:00 UTC] PHP Warning:  include_once(../config/gbl.php) [<a href='function.include-once'>function.include-once</a>]: failed to open stream: No such file or directory in Z:\Desenvolvimento\web\Underline\lib\Global.class.php on line 109
[25-Oct-2013 00:29:00 UTC] PHP Warning:  include_once() [<a href='function.include'>function.include</a>]: Failed opening '../config/gbl.php' for inclusion (include_path='.;C:\php\pear') in Z:\Desenvolvimento\web\Underline\lib\Global.class.php on line 109
[25-Oct-2013 00:29:00 UTC] PHP Notice:  Undefined variable: DIR_CONFIG in Z:\Desenvolvimento\web\Underline\lib\Global.class.php on line 110
[25-Oct-2013 00:29:00 UTC] PHP Notice:  Undefined variable: DIR_CONFIG in Z:\Desenvolvimento\web\Underline\lib\Global.class.php on line 111
[25-Oct-2013 00:29:00 UTC] PHP Notice:  Undefined variable: DIR_CONFIG in Z:\Desenvolvimento\web\Underline\lib\Global.class.php on line 112
[25-Oct-2013 00:29:00 UTC] PHP Notice:  Undefined variable: DIR_CONFIG in Z:\Desenvolvimento\web\Underline\lib\Global.class.php on line 113
[25-Oct-2013 00:29:00 UTC] PHP Warning:  file_get_contents(/app.visual/html/index.html) [<a href='function.file-get-contents'>function.file-get-contents</a>]: failed to open stream: No such file or directory in Z:\Desenvolvimento\web\Underline\lib\html\simple_html_dom.php on line 75
[25-Oct-2013 00:29:00 UTC] PHP Warning:  file_get_contents(/app.visual/html/MSG.html) [<a href='function.file-get-contents'>function.file-get-contents</a>]: failed to open stream: No such file or directory in Z:\Desenvolvimento\web\Underline\lib\html\simple_html_dom.php on line 75
[25-Oct-2013 00:29:00 UTC] PHP Fatal error:  Call to a member function find() on a non-object in Z:\Desenvolvimento\web\Underline\lib\Msg.class.php on line 43
[25-Oct-2013 00:29:00 UTC] PHP Warning:  include_once(../config/gbl.php) [<a href='function.include-once'>function.include-once</a>]: failed to open stream: No such file or directory in Z:\Desenvolvimento\web\Underline\lib\Global.class.php on line 109
[25-Oct-2013 00:29:00 UTC] PHP Warning:  include_once() [<a href='function.include'>function.include</a>]: Failed opening '../config/gbl.php' for inclusion (include_path='.;C:\php\pear') in Z:\Desenvolvimento\web\Underline\lib\Global.class.php on line 109
[25-Oct-2013 00:29:00 UTC] PHP Notice:  Undefined variable: DIR_CONFIG in Z:\Desenvolvimento\web\Underline\lib\Global.class.php on line 110
[25-Oct-2013 00:29:00 UTC] PHP Notice:  Undefined variable: DIR_CONFIG in Z:\Desenvolvimento\web\Underline\lib\Global.class.php on line 111
[25-Oct-2013 00:29:00 UTC] PHP Notice:  Undefined variable: DIR_CONFIG in Z:\Desenvolvimento\web\Underline\lib\Global.class.php on line 112
[25-Oct-2013 00:29:00 UTC] PHP Notice:  Undefined variable: DIR_CONFIG in Z:\Desenvolvimento\web\Underline\lib\Global.class.php on line 113
[25-Oct-2013 00:29:00 UTC] PHP Warning:  file_get_contents(/app.visual/html/index.html) [<a href='function.file-get-contents'>function.file-get-contents</a>]: failed to open stream: No such file or directory in Z:\Desenvolvimento\web\Underline\lib\html\simple_html_dom.php on line 75
[25-Oct-2013 00:29:00 UTC] PHP Warning:  file_get_contents(/app.visual/html/MSG.html) [<a href='function.file-get-contents'>function.file-get-contents</a>]: failed to open stream: No such file or directory in Z:\Desenvolvimento\web\Underline\lib\html\simple_html_dom.php on line 75
[25-Oct-2013 00:29:00 UTC] PHP Fatal error:  Call to a member function find() on a non-object in Z:\Desenvolvimento\web\Underline\lib\Msg.class.php on line 43
[25-Oct-2013 00:29:01 UTC] PHP Warning:  include_once(../config/gbl.php) [<a href='function.include-once'>function.include-once</a>]: failed to open stream: No such file or directory in Z:\Desenvolvimento\web\Underline\lib\Global.class.php on line 109
[25-Oct-2013 00:29:01 UTC] PHP Warning:  include_once() [<a href='function.include'>function.include</a>]: Failed opening '../config/gbl.php' for inclusion (include_path='.;C:\php\pear') in Z:\Desenvolvimento\web\Underline\lib\Global.class.php on line 109
[25-Oct-2013 00:29:01 UTC] PHP Notice:  Undefined variable: DIR_CONFIG in Z:\Desenvolvimento\web\Underline\lib\Global.class.php on line 110
[25-Oct-2013 00:29:01 UTC] PHP Notice:  Undefined variable: DIR_CONFIG in Z:\Desenvolvimento\web\Underline\lib\Global.class.php on line 111
[25-Oct-2013 00:29:01 UTC] PHP Notice:  Undefined variable: DIR_CONFIG in Z:\Desenvolvimento\web\Underline\lib\Global.class.php on line 112
[25-Oct-2013 00:29:01 UTC] PHP Notice:  Undefined variable: DIR_CONFIG in Z:\Desenvolvimento\web\Underline\lib\Global.class.php on line 113
[25-Oct-2013 00:29:01 UTC] PHP Warning:  file_get_contents(/app.visual/html/index.html) [<a href='function.file-get-contents'>function.file-get-contents</a>]: failed to open stream: No such file or directory in Z:\Desenvolvimento\web\Underline\lib\html\simple_html_dom.php on line 75
[25-Oct-2013 00:29:01 UTC] PHP Warning:  file_get_contents(/app.visual/html/MSG.html) [<a href='function.file-get-contents'>function.file-get-contents</a>]: failed to open stream: No such file or directory in Z:\Desenvolvimento\web\Underline\lib\html\simple_html_dom.php on line 75
[25-Oct-2013 00:29:01 UTC] PHP Fatal error:  Call to a member function find() on a non-object in Z:\Desenvolvimento\web\Underline\lib\Msg.class.php on line 43
[25-Oct-2013 00:31:22 UTC] PHP Warning:  include_once(Z:\Desenvolvimento\web\midiacoletiva2/lib/_autoLoadClass.php) [<a href='function.include-once'>function.include-once</a>]: failed to open stream: No such file or directory in Z:\Desenvolvimento\web\Underline\lib\Global.class.php on line 115
[25-Oct-2013 00:31:22 UTC] PHP Warning:  include_once() [<a href='function.include'>function.include</a>]: Failed opening 'Z:\Desenvolvimento\web\midiacoletiva2/lib/_autoLoadClass.php' for inclusion (include_path='.;C:\php\pear') in Z:\Desenvolvimento\web\Underline\lib\Global.class.php on line 115
[25-Oct-2013 00:31:22 UTC] PHP Warning:  include_once(Z:\Desenvolvimento\web\midiacoletiva2/lib/html/simple_html_dom.php) [<a href='function.include-once'>function.include-once</a>]: failed to open stream: No such file or directory in Z:\Desenvolvimento\web\Underline\lib\Global.class.php on line 117
[25-Oct-2013 00:31:22 UTC] PHP Warning:  include_once() [<a href='function.include'>function.include</a>]: Failed opening 'Z:\Desenvolvimento\web\midiacoletiva2/lib/html/simple_html_dom.php' for inclusion (include_path='.;C:\php\pear') in Z:\Desenvolvimento\web\Underline\lib\Global.class.php on line 117
[25-Oct-2013 00:31:22 UTC] PHP Fatal error:  Class 'Elemento' not found in Z:\Desenvolvimento\web\Underline\index.php on line 12
[25-Oct-2013 00:31:24 UTC] PHP Warning:  include_once(Z:\Desenvolvimento\web\midiacoletiva2/lib/_autoLoadClass.php) [<a href='function.include-once'>function.include-once</a>]: failed to open stream: No such file or directory in Z:\Desenvolvimento\web\Underline\lib\Global.class.php on line 115
[25-Oct-2013 00:31:24 UTC] PHP Warning:  include_once() [<a href='function.include'>function.include</a>]: Failed opening 'Z:\Desenvolvimento\web\midiacoletiva2/lib/_autoLoadClass.php' for inclusion (include_path='.;C:\php\pear') in Z:\Desenvolvimento\web\Underline\lib\Global.class.php on line 115
[25-Oct-2013 00:31:24 UTC] PHP Warning:  include_once(Z:\Desenvolvimento\web\midiacoletiva2/lib/html/simple_html_dom.php) [<a href='function.include-once'>function.include-once</a>]: failed to open stream: No such file or directory in Z:\Desenvolvimento\web\Underline\lib\Global.class.php on line 117
[25-Oct-2013 00:31:24 UTC] PHP Warning:  include_once() [<a href='function.include'>function.include</a>]: Failed opening 'Z:\Desenvolvimento\web\midiacoletiva2/lib/html/simple_html_dom.php' for inclusion (include_path='.;C:\php\pear') in Z:\Desenvolvimento\web\Underline\lib\Global.class.php on line 117
[25-Oct-2013 00:31:24 UTC] PHP Fatal error:  Class 'Elemento' not found in Z:\Desenvolvimento\web\Underline\index.php on line 12
[25-Oct-2013 00:31:24 UTC] PHP Warning:  include_once(Z:\Desenvolvimento\web\midiacoletiva2/lib/_autoLoadClass.php) [<a href='function.include-once'>function.include-once</a>]: failed to open stream: No such file or directory in Z:\Desenvolvimento\web\Underline\lib\Global.class.php on line 115
[25-Oct-2013 00:31:24 UTC] PHP Warning:  include_once() [<a href='function.include'>function.include</a>]: Failed opening 'Z:\Desenvolvimento\web\midiacoletiva2/lib/_autoLoadClass.php' for inclusion (include_path='.;C:\php\pear') in Z:\Desenvolvimento\web\Underline\lib\Global.class.php on line 115
[25-Oct-2013 00:31:24 UTC] PHP Warning:  include_once(Z:\Desenvolvimento\web\midiacoletiva2/lib/html/simple_html_dom.php) [<a href='function.include-once'>function.include-once</a>]: failed to open stream: No such file or directory in Z:\Desenvolvimento\web\Underline\lib\Global.class.php on line 117
[25-Oct-2013 00:31:24 UTC] PHP Warning:  include_once() [<a href='function.include'>function.include</a>]: Failed opening 'Z:\Desenvolvimento\web\midiacoletiva2/lib/html/simple_html_dom.php' for inclusion (include_path='.;C:\php\pear') in Z:\Desenvolvimento\web\Underline\lib\Global.class.php on line 117
[25-Oct-2013 00:31:24 UTC] PHP Fatal error:  Class 'Elemento' not found in Z:\Desenvolvimento\web\Underline\index.php on line 12
[25-Oct-2013 00:31:32 UTC] PHP Warning:  include_once(Z:\Desenvolvimento\web\midiacoletiva2/lib/_autoLoadClass.php) [<a href='function.include-once'>function.include-once</a>]: failed to open stream: No such file or directory in Z:\Desenvolvimento\web\Underline\lib\Global.class.php on line 115
[25-Oct-2013 00:31:32 UTC] PHP Warning:  include_once() [<a href='function.include'>function.include</a>]: Failed opening 'Z:\Desenvolvimento\web\midiacoletiva2/lib/_autoLoadClass.php' for inclusion (include_path='.;C:\php\pear') in Z:\Desenvolvimento\web\Underline\lib\Global.class.php on line 115
[25-Oct-2013 00:31:32 UTC] PHP Warning:  include_once(Z:\Desenvolvimento\web\midiacoletiva2/lib/html/simple_html_dom.php) [<a href='function.include-once'>function.include-once</a>]: failed to open stream: No such file or directory in Z:\Desenvolvimento\web\Underline\lib\Global.class.php on line 117
[25-Oct-2013 00:31:32 UTC] PHP Warning:  include_once() [<a href='function.include'>function.include</a>]: Failed opening 'Z:\Desenvolvimento\web\midiacoletiva2/lib/html/simple_html_dom.php' for inclusion (include_path='.;C:\php\pear') in Z:\Desenvolvimento\web\Underline\lib\Global.class.php on line 117
[25-Oct-2013 00:31:32 UTC] PHP Fatal error:  Class 'Elemento' not found in Z:\Desenvolvimento\web\Underline\index.php on line 12
[25-Oct-2013 00:32:06 UTC] PHP Warning:  include_once(Z:\Desenvolvimento\web\midiacoletiva2/lib/_autoLoadClass.php) [<a href='function.include-once'>function.include-once</a>]: failed to open stream: No such file or directory in Z:\Desenvolvimento\web\Underline\lib\Global.class.php on line 115
[25-Oct-2013 00:32:06 UTC] PHP Warning:  include_once() [<a href='function.include'>function.include</a>]: Failed opening 'Z:\Desenvolvimento\web\midiacoletiva2/lib/_autoLoadClass.php' for inclusion (include_path='.;C:\php\pear') in Z:\Desenvolvimento\web\Underline\lib\Global.class.php on line 115
[25-Oct-2013 00:32:06 UTC] PHP Warning:  include_once(Z:\Desenvolvimento\web\midiacoletiva2/lib/html/simple_html_dom.php) [<a href='function.include-once'>function.include-once</a>]: failed to open stream: No such file or directory in Z:\Desenvolvimento\web\Underline\lib\Global.class.php on line 117
[25-Oct-2013 00:32:06 UTC] PHP Warning:  include_once() [<a href='function.include'>function.include</a>]: Failed opening 'Z:\Desenvolvimento\web\midiacoletiva2/lib/html/simple_html_dom.php' for inclusion (include_path='.;C:\php\pear') in Z:\Desenvolvimento\web\Underline\lib\Global.class.php on line 117
[25-Oct-2013 00:32:06 UTC] PHP Fatal error:  Class 'Elemento' not found in Z:\Desenvolvimento\web\Underline\index.php on line 12
[25-Oct-2013 00:32:07 UTC] PHP Warning:  include_once(Z:\Desenvolvimento\web\midiacoletiva2/lib/_autoLoadClass.php) [<a href='function.include-once'>function.include-once</a>]: failed to open stream: No such file or directory in Z:\Desenvolvimento\web\Underline\lib\Global.class.php on line 115
[25-Oct-2013 00:32:07 UTC] PHP Warning:  include_once() [<a href='function.include'>function.include</a>]: Failed opening 'Z:\Desenvolvimento\web\midiacoletiva2/lib/_autoLoadClass.php' for inclusion (include_path='.;C:\php\pear') in Z:\Desenvolvimento\web\Underline\lib\Global.class.php on line 115
[25-Oct-2013 00:32:07 UTC] PHP Warning:  include_once(Z:\Desenvolvimento\web\midiacoletiva2/lib/html/simple_html_dom.php) [<a href='function.include-once'>function.include-once</a>]: failed to open stream: No such file or directory in Z:\Desenvolvimento\web\Underline\lib\Global.class.php on line 117
[25-Oct-2013 00:32:07 UTC] PHP Warning:  include_once() [<a href='function.include'>function.include</a>]: Failed opening 'Z:\Desenvolvimento\web\midiacoletiva2/lib/html/simple_html_dom.php' for inclusion (include_path='.;C:\php\pear') in Z:\Desenvolvimento\web\Underline\lib\Global.class.php on line 117
[25-Oct-2013 00:32:07 UTC] PHP Fatal error:  Class 'Elemento' not found in Z:\Desenvolvimento\web\Underline\index.php on line 12
[25-Oct-2013 00:32:07 UTC] PHP Warning:  include_once(Z:\Desenvolvimento\web\midiacoletiva2/lib/_autoLoadClass.php) [<a href='function.include-once'>function.include-once</a>]: failed to open stream: No such file or directory in Z:\Desenvolvimento\web\Underline\lib\Global.class.php on line 115
[25-Oct-2013 00:32:07 UTC] PHP Warning:  include_once() [<a href='function.include'>function.include</a>]: Failed opening 'Z:\Desenvolvimento\web\midiacoletiva2/lib/_autoLoadClass.php' for inclusion (include_path='.;C:\php\pear') in Z:\Desenvolvimento\web\Underline\lib\Global.class.php on line 115
[25-Oct-2013 00:32:07 UTC] PHP Warning:  include_once(Z:\Desenvolvimento\web\midiacoletiva2/lib/html/simple_html_dom.php) [<a href='function.include-once'>function.include-once</a>]: failed to open stream: No such file or directory in Z:\Desenvolvimento\web\Underline\lib\Global.class.php on line 117
[25-Oct-2013 00:32:07 UTC] PHP Warning:  include_once() [<a href='function.include'>function.include</a>]: Failed opening 'Z:\Desenvolvimento\web\midiacoletiva2/lib/html/simple_html_dom.php' for inclusion (include_path='.;C:\php\pear') in Z:\Desenvolvimento\web\Underline\lib\Global.class.php on line 117
[25-Oct-2013 00:32:07 UTC] PHP Fatal error:  Class 'Elemento' not found in Z:\Desenvolvimento\web\Underline\index.php on line 12
[25-Oct-2013 00:32:24 UTC] PHP Warning:  include_once(Z:\Desenvolvimento\web\midiacoletiva2/lib/_autoLoadClass.php) [<a href='function.include-once'>function.include-once</a>]: failed to open stream: No such file or directory in Z:\Desenvolvimento\web\Underline\lib\Global.class.php on line 115
[25-Oct-2013 00:32:24 UTC] PHP Warning:  include_once() [<a href='function.include'>function.include</a>]: Failed opening 'Z:\Desenvolvimento\web\midiacoletiva2/lib/_autoLoadClass.php' for inclusion (include_path='.;C:\php\pear') in Z:\Desenvolvimento\web\Underline\lib\Global.class.php on line 115
[25-Oct-2013 00:32:24 UTC] PHP Warning:  include_once(Z:\Desenvolvimento\web\midiacoletiva2/lib/html/simple_html_dom.php) [<a href='function.include-once'>function.include-once</a>]: failed to open stream: No such file or directory in Z:\Desenvolvimento\web\Underline\lib\Global.class.php on line 117
[25-Oct-2013 00:32:24 UTC] PHP Warning:  include_once() [<a href='function.include'>function.include</a>]: Failed opening 'Z:\Desenvolvimento\web\midiacoletiva2/lib/html/simple_html_dom.php' for inclusion (include_path='.;C:\php\pear') in Z:\Desenvolvimento\web\Underline\lib\Global.class.php on line 117
[25-Oct-2013 00:32:24 UTC] PHP Fatal error:  Class 'Elemento' not found in Z:\Desenvolvimento\web\Underline\index.php on line 12
[25-Oct-2013 00:32:55 UTC] PHP Warning:  include_once(Z:\Desenvolvimento\web\midiacoletiva2/lib/_autoLoadClass.php) [<a href='function.include-once'>function.include-once</a>]: failed to open stream: No such file or directory in Z:\Desenvolvimento\web\Underline\lib\Global.class.php on line 115
[25-Oct-2013 00:32:55 UTC] PHP Warning:  include_once() [<a href='function.include'>function.include</a>]: Failed opening 'Z:\Desenvolvimento\web\midiacoletiva2/lib/_autoLoadClass.php' for inclusion (include_path='.;C:\php\pear') in Z:\Desenvolvimento\web\Underline\lib\Global.class.php on line 115
[25-Oct-2013 00:32:55 UTC] PHP Warning:  include_once(Z:\Desenvolvimento\web\midiacoletiva2/lib/html/simple_html_dom.php) [<a href='function.include-once'>function.include-once</a>]: failed to open stream: No such file or directory in Z:\Desenvolvimento\web\Underline\lib\Global.class.php on line 117
[25-Oct-2013 00:32:55 UTC] PHP Warning:  include_once() [<a href='function.include'>function.include</a>]: Failed opening 'Z:\Desenvolvimento\web\midiacoletiva2/lib/html/simple_html_dom.php' for inclusion (include_path='.;C:\php\pear') in Z:\Desenvolvimento\web\Underline\lib\Global.class.php on line 117
[25-Oct-2013 00:32:55 UTC] PHP Fatal error:  Class 'Elemento' not found in Z:\Desenvolvimento\web\Underline\index.php on line 12
[25-Oct-2013 00:34:29 UTC] PHP Warning:  include_once(Z:\Desenvolvimento\web\midiacoletiva2/lib/_autoLoadClass.php) [<a href='function.include-once'>function.include-once</a>]: failed to open stream: No such file or directory in Z:\Desenvolvimento\web\Underline\lib\Global.class.php on line 115
[25-Oct-2013 00:34:29 UTC] PHP Warning:  include_once() [<a href='function.include'>function.include</a>]: Failed opening 'Z:\Desenvolvimento\web\midiacoletiva2/lib/_autoLoadClass.php' for inclusion (include_path='.;C:\php\pear') in Z:\Desenvolvimento\web\Underline\lib\Global.class.php on line 115
[25-Oct-2013 00:34:29 UTC] PHP Warning:  include_once(Z:\Desenvolvimento\web\midiacoletiva2/lib/html/simple_html_dom.php) [<a href='function.include-once'>function.include-once</a>]: failed to open stream: No such file or directory in Z:\Desenvolvimento\web\Underline\lib\Global.class.php on line 117
[25-Oct-2013 00:34:29 UTC] PHP Warning:  include_once() [<a href='function.include'>function.include</a>]: Failed opening 'Z:\Desenvolvimento\web\midiacoletiva2/lib/html/simple_html_dom.php' for inclusion (include_path='.;C:\php\pear') in Z:\Desenvolvimento\web\Underline\lib\Global.class.php on line 117
[25-Oct-2013 00:34:29 UTC] PHP Fatal error:  Class 'Elemento' not found in Z:\Desenvolvimento\web\Underline\index.php on line 12
[25-Oct-2013 00:38:56 UTC] PHP Warning:  include_once(Z:\Desenvolvimento\web\midiacoletiva/lib/_autoLoadClass.php) [<a href='function.include-once'>function.include-once</a>]: failed to open stream: No such file or directory in Z:\Desenvolvimento\web\underline\lib\Global.class.php on line 115
[25-Oct-2013 00:38:56 UTC] PHP Warning:  include_once() [<a href='function.include'>function.include</a>]: Failed opening 'Z:\Desenvolvimento\web\midiacoletiva/lib/_autoLoadClass.php' for inclusion (include_path='.;C:\php\pear') in Z:\Desenvolvimento\web\underline\lib\Global.class.php on line 115
[25-Oct-2013 00:38:56 UTC] PHP Warning:  include_once(Z:\Desenvolvimento\web\midiacoletiva/lib/html/simple_html_dom.php) [<a href='function.include-once'>function.include-once</a>]: failed to open stream: No such file or directory in Z:\Desenvolvimento\web\underline\lib\Global.class.php on line 117
[25-Oct-2013 00:38:56 UTC] PHP Warning:  include_once() [<a href='function.include'>function.include</a>]: Failed opening 'Z:\Desenvolvimento\web\midiacoletiva/lib/html/simple_html_dom.php' for inclusion (include_path='.;C:\php\pear') in Z:\Desenvolvimento\web\underline\lib\Global.class.php on line 117
[25-Oct-2013 00:38:56 UTC] PHP Fatal error:  Class 'Elemento' not found in Z:\Desenvolvimento\web\underline\index.php on line 12
[25-Oct-2013 00:39:37 UTC] PHP Warning:  include_once(Z:\Desenvolvimento\web\un/lib/_autoLoadClass.php) [<a href='function.include-once'>function.include-once</a>]: failed to open stream: No such file or directory in Z:\Desenvolvimento\web\underline\lib\Global.class.php on line 115
[25-Oct-2013 00:39:37 UTC] PHP Warning:  include_once() [<a href='function.include'>function.include</a>]: Failed opening 'Z:\Desenvolvimento\web\un/lib/_autoLoadClass.php' for inclusion (include_path='.;C:\php\pear') in Z:\Desenvolvimento\web\underline\lib\Global.class.php on line 115
[25-Oct-2013 00:39:37 UTC] PHP Warning:  include_once(Z:\Desenvolvimento\web\un/app.modelo/bd/Conexao.class.php) [<a href='function.include-once'>function.include-once</a>]: failed to open stream: No such file or directory in Z:\Desenvolvimento\web\underline\lib\Global.class.php on line 116
[25-Oct-2013 00:39:37 UTC] PHP Warning:  include_once() [<a href='function.include'>function.include</a>]: Failed opening 'Z:\Desenvolvimento\web\un/app.modelo/bd/Conexao.class.php' for inclusion (include_path='.;C:\php\pear') in Z:\Desenvolvimento\web\underline\lib\Global.class.php on line 116
[25-Oct-2013 00:39:37 UTC] PHP Warning:  include_once(Z:\Desenvolvimento\web\un/lib/html/simple_html_dom.php) [<a href='function.include-once'>function.include-once</a>]: failed to open stream: No such file or directory in Z:\Desenvolvimento\web\underline\lib\Global.class.php on line 117
[25-Oct-2013 00:39:37 UTC] PHP Warning:  include_once() [<a href='function.include'>function.include</a>]: Failed opening 'Z:\Desenvolvimento\web\un/lib/html/simple_html_dom.php' for inclusion (include_path='.;C:\php\pear') in Z:\Desenvolvimento\web\underline\lib\Global.class.php on line 117
[25-Oct-2013 00:39:37 UTC] PHP Fatal error:  Class 'Elemento' not found in Z:\Desenvolvimento\web\underline\index.php on line 12
[25-Oct-2013 00:39:43 UTC] PHP Warning:  include_once(Z:\Desenvolvimento\web\under/lib/_autoLoadClass.php) [<a href='function.include-once'>function.include-once</a>]: failed to open stream: No such file or directory in Z:\Desenvolvimento\web\underline\lib\Global.class.php on line 115
[25-Oct-2013 00:39:43 UTC] PHP Warning:  include_once() [<a href='function.include'>function.include</a>]: Failed opening 'Z:\Desenvolvimento\web\under/lib/_autoLoadClass.php' for inclusion (include_path='.;C:\php\pear') in Z:\Desenvolvimento\web\underline\lib\Global.class.php on line 115
[25-Oct-2013 00:39:43 UTC] PHP Warning:  include_once(Z:\Desenvolvimento\web\under/app.modelo/bd/Conexao.class.php) [<a href='function.include-once'>function.include-once</a>]: failed to open stream: No such file or directory in Z:\Desenvolvimento\web\underline\lib\Global.class.php on line 116
[25-Oct-2013 00:39:43 UTC] PHP Warning:  include_once() [<a href='function.include'>function.include</a>]: Failed opening 'Z:\Desenvolvimento\web\under/app.modelo/bd/Conexao.class.php' for inclusion (include_path='.;C:\php\pear') in Z:\Desenvolvimento\web\underline\lib\Global.class.php on line 116
[25-Oct-2013 00:39:43 UTC] PHP Warning:  include_once(Z:\Desenvolvimento\web\under/lib/html/simple_html_dom.php) [<a href='function.include-once'>function.include-once</a>]: failed to open stream: No such file or directory in Z:\Desenvolvimento\web\underline\lib\Global.class.php on line 117
[25-Oct-2013 00:39:43 UTC] PHP Warning:  include_once() [<a href='function.include'>function.include</a>]: Failed opening 'Z:\Desenvolvimento\web\under/lib/html/simple_html_dom.php' for inclusion (include_path='.;C:\php\pear') in Z:\Desenvolvimento\web\underline\lib\Global.class.php on line 117
[25-Oct-2013 00:39:43 UTC] PHP Fatal error:  Class 'Elemento' not found in Z:\Desenvolvimento\web\underline\index.php on line 12
[25-Oct-2013 00:39:48 UTC] PHP Warning:  include_once(Z:\Desenvolvimento\web\underli/lib/_autoLoadClass.php) [<a href='function.include-once'>function.include-once</a>]: failed to open stream: No such file or directory in Z:\Desenvolvimento\web\underline\lib\Global.class.php on line 115
[25-Oct-2013 00:39:48 UTC] PHP Warning:  include_once() [<a href='function.include'>function.include</a>]: Failed opening 'Z:\Desenvolvimento\web\underli/lib/_autoLoadClass.php' for inclusion (include_path='.;C:\php\pear') in Z:\Desenvolvimento\web\underline\lib\Global.class.php on line 115
[25-Oct-2013 00:39:48 UTC] PHP Warning:  include_once(Z:\Desenvolvimento\web\underli/app.modelo/bd/Conexao.class.php) [<a href='function.include-once'>function.include-once</a>]: failed to open stream: No such file or directory in Z:\Desenvolvimento\web\underline\lib\Global.class.php on line 116
[25-Oct-2013 00:39:48 UTC] PHP Warning:  include_once() [<a href='function.include'>function.include</a>]: Failed opening 'Z:\Desenvolvimento\web\underli/app.modelo/bd/Conexao.class.php' for inclusion (include_path='.;C:\php\pear') in Z:\Desenvolvimento\web\underline\lib\Global.class.php on line 116
[25-Oct-2013 00:39:48 UTC] PHP Warning:  include_once(Z:\Desenvolvimento\web\underli/lib/html/simple_html_dom.php) [<a href='function.include-once'>function.include-once</a>]: failed to open stream: No such file or directory in Z:\Desenvolvimento\web\underline\lib\Global.class.php on line 117
[25-Oct-2013 00:39:48 UTC] PHP Warning:  include_once() [<a href='function.include'>function.include</a>]: Failed opening 'Z:\Desenvolvimento\web\underli/lib/html/simple_html_dom.php' for inclusion (include_path='.;C:\php\pear') in Z:\Desenvolvimento\web\underline\lib\Global.class.php on line 117
[25-Oct-2013 00:39:48 UTC] PHP Fatal error:  Class 'Elemento' not found in Z:\Desenvolvimento\web\underline\index.php on line 12
[25-Oct-2013 00:39:53 UTC] PHP Warning:  include_once(Z:\Desenvolvimento\web\underlin/lib/_autoLoadClass.php) [<a href='function.include-once'>function.include-once</a>]: failed to open stream: No such file or directory in Z:\Desenvolvimento\web\underline\lib\Global.class.php on line 115
[25-Oct-2013 00:39:53 UTC] PHP Warning:  include_once() [<a href='function.include'>function.include</a>]: Failed opening 'Z:\Desenvolvimento\web\underlin/lib/_autoLoadClass.php' for inclusion (include_path='.;C:\php\pear') in Z:\Desenvolvimento\web\underline\lib\Global.class.php on line 115
[25-Oct-2013 00:39:53 UTC] PHP Warning:  include_once(Z:\Desenvolvimento\web\underlin/app.modelo/bd/Conexao.class.php) [<a href='function.include-once'>function.include-once</a>]: failed to open stream: No such file or directory in Z:\Desenvolvimento\web\underline\lib\Global.class.php on line 116
[25-Oct-2013 00:39:53 UTC] PHP Warning:  include_once() [<a href='function.include'>function.include</a>]: Failed opening 'Z:\Desenvolvimento\web\underlin/app.modelo/bd/Conexao.class.php' for inclusion (include_path='.;C:\php\pear') in Z:\Desenvolvimento\web\underline\lib\Global.class.php on line 116
[25-Oct-2013 00:39:53 UTC] PHP Warning:  include_once(Z:\Desenvolvimento\web\underlin/lib/html/simple_html_dom.php) [<a href='function.include-once'>function.include-once</a>]: failed to open stream: No such file or directory in Z:\Desenvolvimento\web\underline\lib\Global.class.php on line 117
[25-Oct-2013 00:39:53 UTC] PHP Warning:  include_once() [<a href='function.include'>function.include</a>]: Failed opening 'Z:\Desenvolvimento\web\underlin/lib/html/simple_html_dom.php' for inclusion (include_path='.;C:\php\pear') in Z:\Desenvolvimento\web\underline\lib\Global.class.php on line 117
[25-Oct-2013 00:39:53 UTC] PHP Fatal error:  Class 'Elemento' not found in Z:\Desenvolvimento\web\underline\index.php on line 12
[25-Oct-2013 01:30:25 UTC] PHP Fatal error:  Class 'Dirconfig' not found in Z:\Desenvolvimento\web\underline\lib\Global.class.php on line 109
[25-Oct-2013 02:20:12 UTC] PHP Warning:  include_once(../config/setGlbVars.php) [<a href='function.include-once'>function.include-once</a>]: failed to open stream: No such file or directory in Z:\Desenvolvimento\web\underline\lib\Global.class.php on line 109
[25-Oct-2013 02:20:12 UTC] PHP Warning:  include_once() [<a href='function.include'>function.include</a>]: Failed opening '../config/setGlbVars.php' for inclusion (include_path='.;C:\php\pear') in Z:\Desenvolvimento\web\underline\lib\Global.class.php on line 109
[25-Oct-2013 02:20:12 UTC] PHP Fatal error:  Class 'DIR_CONFIG' not found in Z:\Desenvolvimento\web\underline\lib\Global.class.php on line 110
[28-Oct-2013 16:07:33 UTC] PHP Notice:  Undefined index: h in Z:\Desenvolvimento\web\underline\index.php on line 76
[28-Oct-2013 16:08:03 UTC] PHP Notice:  Undefined index: h in Z:\Desenvolvimento\web\underline\index.php on line 76
[28-Oct-2013 23:51:00 UTC] PHP Warning:  include_once(../config/setPlugins.php) [<a href='function.include-once'>function.include-once</a>]: failed to open stream: No such file or directory in Z:\Desenvolvimento\web\underline\lib\_autoLoadClass.php on line 5
[28-Oct-2013 23:51:00 UTC] PHP Warning:  include_once() [<a href='function.include'>function.include</a>]: Failed opening '../config/setPlugins.php' for inclusion (include_path='.;C:\php\pear') in Z:\Desenvolvimento\web\underline\lib\_autoLoadClass.php on line 5
[28-Oct-2013 23:51:00 UTC] PHP Warning:  include_once(../config/setPlugins.php) [<a href='function.include-once'>function.include-once</a>]: failed to open stream: No such file or directory in Z:\Desenvolvimento\web\underline\lib\_autoLoadClass.php on line 5
[28-Oct-2013 23:51:00 UTC] PHP Warning:  include_once() [<a href='function.include'>function.include</a>]: Failed opening '../config/setPlugins.php' for inclusion (include_path='.;C:\php\pear') in Z:\Desenvolvimento\web\underline\lib\_autoLoadClass.php on line 5
[28-Oct-2013 23:51:00 UTC] PHP Warning:  include_once(../config/setPlugins.php) [<a href='function.include-once'>function.include-once</a>]: failed to open stream: No such file or directory in Z:\Desenvolvimento\web\underline\lib\_autoLoadClass.php on line 5
[28-Oct-2013 23:51:00 UTC] PHP Warning:  include_once() [<a href='function.include'>function.include</a>]: Failed opening '../config/setPlugins.php' for inclusion (include_path='.;C:\php\pear') in Z:\Desenvolvimento\web\underline\lib\_autoLoadClass.php on line 5
[28-Oct-2013 23:51:00 UTC] PHP Warning:  include_once(../config/setPlugins.php) [<a href='function.include-once'>function.include-once</a>]: failed to open stream: No such file or directory in Z:\Desenvolvimento\web\underline\lib\_autoLoadClass.php on line 5
[28-Oct-2013 23:51:00 UTC] PHP Warning:  include_once() [<a href='function.include'>function.include</a>]: Failed opening '../config/setPlugins.php' for inclusion (include_path='.;C:\php\pear') in Z:\Desenvolvimento\web\underline\lib\_autoLoadClass.php on line 5
[28-Oct-2013 23:51:00 UTC] PHP Warning:  include_once(../config/setPlugins.php) [<a href='function.include-once'>function.include-once</a>]: failed to open stream: No such file or directory in Z:\Desenvolvimento\web\underline\lib\_autoLoadClass.php on line 5
[28-Oct-2013 23:51:00 UTC] PHP Warning:  include_once() [<a href='function.include'>function.include</a>]: Failed opening '../config/setPlugins.php' for inclusion (include_path='.;C:\php\pear') in Z:\Desenvolvimento\web\underline\lib\_autoLoadClass.php on line 5
[28-Oct-2013 23:51:00 UTC] PHP Warning:  include_once(../config/setPlugins.php) [<a href='function.include-once'>function.include-once</a>]: failed to open stream: No such file or directory in Z:\Desenvolvimento\web\underline\lib\_autoLoadClass.php on line 5
[28-Oct-2013 23:51:00 UTC] PHP Warning:  include_once() [<a href='function.include'>function.include</a>]: Failed opening '../config/setPlugins.php' for inclusion (include_path='.;C:\php\pear') in Z:\Desenvolvimento\web\underline\lib\_autoLoadClass.php on line 5
[28-Oct-2013 23:51:00 UTC] PHP Warning:  include_once(../config/setPlugins.php) [<a href='function.include-once'>function.include-once</a>]: failed to open stream: No such file or directory in Z:\Desenvolvimento\web\underline\lib\_autoLoadClass.php on line 5
[28-Oct-2013 23:51:00 UTC] PHP Warning:  include_once() [<a href='function.include'>function.include</a>]: Failed opening '../config/setPlugins.php' for inclusion (include_path='.;C:\php\pear') in Z:\Desenvolvimento\web\underline\lib\_autoLoadClass.php on line 5
[28-Oct-2013 23:56:06 UTC] PHP Notice:  Undefined variable: PLUGINS in Z:\Desenvolvimento\web\underline\lib\_autoLoadClass.php on line 55
[28-Oct-2013 23:56:06 UTC] PHP Warning:  array_merge() [<a href='function.array-merge'>function.array-merge</a>]: Argument #2 is not an array in Z:\Desenvolvimento\web\underline\lib\_autoLoadClass.php on line 55
[28-Oct-2013 23:56:06 UTC] PHP Fatal error:  Class 'Head' not found in Z:\Desenvolvimento\web\underline\index.php on line 19
[29-Oct-2013 00:32:07 UTC] PHP Parse error:  syntax error, unexpected ';', expecting ')' in Z:\Desenvolvimento\web\underline\index.php on line 85
[29-Oct-2013 15:46:46 UTC] PHP Notice:  Undefined variable: PLUGINS in Z:\Desenvolvimento\web\underline\index.php on line 123
[29-Oct-2013 16:08:23 UTC] PHP Notice:  Undefined variable: PLUGINS in Z:\Desenvolvimento\web\underline\index.php on line 123
